[0.103s] DEBUG:colcon:Command line arguments: ['/usr/bin/colcon', 'build', '--packages-select', 'assignment2_publisher_subscriber']
[0.103s] DEBUG:colcon:Parsed command line arguments: Namespace(log_base=None, log_level=None, verb_name='build', build_base='build', install_base='install', merge_install=False, symlink_install=False, test_result_base=None, continue_on_error=False, executor='parallel', parallel_workers=8, event_handlers=None, ignore_user_meta=False, metas=['./colcon.meta'], base_paths=['.'], packages_ignore=None, packages_ignore_regex=None, paths=None, packages_up_to=None, packages_up_to_regex=None, packages_above=None, packages_above_and_dependencies=None, packages_above_depth=None, packages_select_by_dep=None, packages_skip_by_dep=None, packages_skip_up_to=None, packages_select_build_failed=False, packages_skip_build_finished=False, packages_select_test_failures=False, packages_skip_test_passed=False, packages_select=['assignment2_publisher_subscriber'], packages_skip=None, packages_select_regex=None, packages_skip_regex=None, packages_start=None, packages_end=None, allow_overriding=[], cmake_args=None, cmake_target=None, cmake_target_skip_unavailable=False, cmake_clean_cache=False, cmake_clean_first=False, cmake_force_configure=False, ament_cmake_args=None, catkin_cmake_args=None, catkin_skip_building_tests=False, mixin_files=None, mixin=None, verb_parser=<colcon_mixin.mixin.mixin_argument.MixinArgumentDecorator object at 0x790669590da0>, verb_extension=<colcon_core.verb.build.BuildVerb object at 0x7906696b4ec0>, main=<bound method BuildVerb.main of <colcon_core.verb.build.BuildVerb object at 0x7906696b4ec0>>, mixin_verb=('build',))
[0.135s] Level 1:colcon.colcon_core.package_discovery:discover_packages(colcon_meta) check parameters
[0.135s] Level 1:colcon.colcon_core.package_discovery:discover_packages(recursive) check parameters
[0.135s] Level 1:colcon.colcon_core.package_discovery:discover_packages(ignore) check parameters
[0.135s] Level 1:colcon.colcon_core.package_discovery:discover_packages(path) check parameters
[0.135s] Level 1:colcon.colcon_core.package_discovery:discover_packages(colcon_meta) discover
[0.135s] Level 1:colcon.colcon_core.package_discovery:discover_packages(recursive) discover
[0.135s] INFO:colcon.colcon_core.package_discovery:Crawling recursively for packages in '/home/zheng-yang/robotik-homework'
[0.135s] Level 1:colcon.colcon_core.package_identification:_identify(.) by extensions ['ignore', 'ignore_ament_install']
[0.135s] Level 1:colcon.colcon_core.package_identification:_identify(.) by extension 'ignore'
[0.135s] Level 1:colcon.colcon_core.package_identification:_identify(.) by extension 'ignore_ament_install'
[0.135s] Level 1:colcon.colcon_core.package_identification:_identify(.) by extensions ['colcon_pkg']
[0.135s] Level 1:colcon.colcon_core.package_identification:_identify(.) by extension 'colcon_pkg'
[0.135s] Level 1:colcon.colcon_core.package_identification:_identify(.) by extensions ['colcon_meta']
[0.135s] Level 1:colcon.colcon_core.package_identification:_identify(.) by extension 'colcon_meta'
[0.135s] Level 1:colcon.colcon_core.package_identification:_identify(.) by extensions ['ros']
[0.135s] Level 1:colcon.colcon_core.package_identification:_identify(.) by extension 'ros'
[0.158s] Level 1:colcon.colcon_core.package_identification:_identify(.) by extensions ['cmake', 'python']
[0.158s] Level 1:colcon.colcon_core.package_identification:_identify(.) by extension 'cmake'
[0.158s] Level 1:colcon.colcon_core.package_identification:_identify(.) by extension 'python'
[0.158s] Level 1:colcon.colcon_core.package_identification:_identify(.) by extensions ['python_setup_py']
[0.158s] Level 1:colcon.colcon_core.package_identification:_identify(.) by extension 'python_setup_py'
[0.158s] Level 1:colcon.colcon_core.package_identification:_identify(bag_files) by extensions ['ignore', 'ignore_ament_install']
[0.159s] Level 1:colcon.colcon_core.package_identification:_identify(bag_files) by extension 'ignore'
[0.159s] Level 1:colcon.colcon_core.package_identification:_identify(bag_files) by extension 'ignore_ament_install'
[0.159s] Level 1:colcon.colcon_core.package_identification:_identify(bag_files) by extensions ['colcon_pkg']
[0.159s] Level 1:colcon.colcon_core.package_identification:_identify(bag_files) by extension 'colcon_pkg'
[0.159s] Level 1:colcon.colcon_core.package_identification:_identify(bag_files) by extensions ['colcon_meta']
[0.159s] Level 1:colcon.colcon_core.package_identification:_identify(bag_files) by extension 'colcon_meta'
[0.159s] Level 1:colcon.colcon_core.package_identification:_identify(bag_files) by extensions ['ros']
[0.159s] Level 1:colcon.colcon_core.package_identification:_identify(bag_files) by extension 'ros'
[0.159s] Level 1:colcon.colcon_core.package_identification:_identify(bag_files) by extensions ['cmake', 'python']
[0.159s] Level 1:colcon.colcon_core.package_identification:_identify(bag_files) by extension 'cmake'
[0.159s] Level 1:colcon.colcon_core.package_identification:_identify(bag_files) by extension 'python'
[0.159s] Level 1:colcon.colcon_core.package_identification:_identify(bag_files) by extensions ['python_setup_py']
[0.159s] Level 1:colcon.colcon_core.package_identification:_identify(bag_files) by extension 'python_setup_py'
[0.161s] Level 1:colcon.colcon_core.package_identification:_identify(bag_files/calibration) by extensions ['ignore', 'ignore_ament_install']
[0.161s] Level 1:colcon.colcon_core.package_identification:_identify(bag_files/calibration) by extension 'ignore'
[0.161s] Level 1:colcon.colcon_core.package_identification:_identify(bag_files/calibration) by extension 'ignore_ament_install'
[0.161s] Level 1:colcon.colcon_core.package_identification:_identify(bag_files/calibration) by extensions ['colcon_pkg']
[0.161s] Level 1:colcon.colcon_core.package_identification:_identify(bag_files/calibration) by extension 'colcon_pkg'
[0.161s] Level 1:colcon.colcon_core.package_identification:_identify(bag_files/calibration) by extensions ['colcon_meta']
[0.161s] Level 1:colcon.colcon_core.package_identification:_identify(bag_files/calibration) by extension 'colcon_meta'
[0.161s] Level 1:colcon.colcon_core.package_identification:_identify(bag_files/calibration) by extensions ['ros']
[0.161s] Level 1:colcon.colcon_core.package_identification:_identify(bag_files/calibration) by extension 'ros'
[0.161s] Level 1:colcon.colcon_core.package_identification:_identify(bag_files/calibration) by extensions ['cmake', 'python']
[0.161s] Level 1:colcon.colcon_core.package_identification:_identify(bag_files/calibration) by extension 'cmake'
[0.161s] Level 1:colcon.colcon_core.package_identification:_identify(bag_files/calibration) by extension 'python'
[0.161s] Level 1:colcon.colcon_core.package_identification:_identify(bag_files/calibration) by extensions ['python_setup_py']
[0.161s] Level 1:colcon.colcon_core.package_identification:_identify(bag_files/calibration) by extension 'python_setup_py'
[0.161s] Level 1:colcon.colcon_core.package_identification:_identify(build) by extensions ['ignore', 'ignore_ament_install']
[0.161s] Level 1:colcon.colcon_core.package_identification:_identify(build) by extension 'ignore'
[0.161s] Level 1:colcon.colcon_core.package_identification:_identify(build) ignored
[0.162s] Level 1:colcon.colcon_core.package_identification:_identify(install) by extensions ['ignore', 'ignore_ament_install']
[0.162s] Level 1:colcon.colcon_core.package_identification:_identify(install) by extension 'ignore'
[0.162s] Level 1:colcon.colcon_core.package_identification:_identify(install) ignored
[0.162s] Level 1:colcon.colcon_core.package_identification:_identify(log) by extensions ['ignore', 'ignore_ament_install']
[0.162s] Level 1:colcon.colcon_core.package_identification:_identify(log) by extension 'ignore'
[0.162s] Level 1:colcon.colcon_core.package_identification:_identify(log) ignored
[0.162s] Level 1:colcon.colcon_core.package_identification:_identify(src) by extensions ['ignore', 'ignore_ament_install']
[0.162s] Level 1:colcon.colcon_core.package_identification:_identify(src) by extension 'ignore'
[0.162s] Level 1:colcon.colcon_core.package_identification:_identify(src) by extension 'ignore_ament_install'
[0.162s] Level 1:colcon.colcon_core.package_identification:_identify(src) by extensions ['colcon_pkg']
[0.162s] Level 1:colcon.colcon_core.package_identification:_identify(src) by extension 'colcon_pkg'
[0.162s] Level 1:colcon.colcon_core.package_identification:_identify(src) by extensions ['colcon_meta']
[0.162s] Level 1:colcon.colcon_core.package_identification:_identify(src) by extension 'colcon_meta'
[0.162s] Level 1:colcon.colcon_core.package_identification:_identify(src) by extensions ['ros']
[0.162s] Level 1:colcon.colcon_core.package_identification:_identify(src) by extension 'ros'
[0.162s] Level 1:colcon.colcon_core.package_identification:_identify(src) by extensions ['cmake', 'python']
[0.162s] Level 1:colcon.colcon_core.package_identification:_identify(src) by extension 'cmake'
[0.162s] Level 1:colcon.colcon_core.package_identification:_identify(src) by extension 'python'
[0.162s] Level 1:colcon.colcon_core.package_identification:_identify(src) by extensions ['python_setup_py']
[0.162s] Level 1:colcon.colcon_core.package_identification:_identify(src) by extension 'python_setup_py'
[0.162s] Level 1:colcon.colcon_core.package_identification:_identify(src/assignment2_publisher_subscriber) by extensions ['ignore', 'ignore_ament_install']
[0.163s] Level 1:colcon.colcon_core.package_identification:_identify(src/assignment2_publisher_subscriber) by extension 'ignore'
[0.163s] Level 1:colcon.colcon_core.package_identification:_identify(src/assignment2_publisher_subscriber) by extension 'ignore_ament_install'
[0.163s] Level 1:colcon.colcon_core.package_identification:_identify(src/assignment2_publisher_subscriber) by extensions ['colcon_pkg']
[0.163s] Level 1:colcon.colcon_core.package_identification:_identify(src/assignment2_publisher_subscriber) by extension 'colcon_pkg'
[0.163s] Level 1:colcon.colcon_core.package_identification:_identify(src/assignment2_publisher_subscriber) by extensions ['colcon_meta']
[0.163s] Level 1:colcon.colcon_core.package_identification:_identify(src/assignment2_publisher_subscriber) by extension 'colcon_meta'
[0.163s] Level 1:colcon.colcon_core.package_identification:_identify(src/assignment2_publisher_subscriber) by extensions ['ros']
[0.163s] Level 1:colcon.colcon_core.package_identification:_identify(src/assignment2_publisher_subscriber) by extension 'ros'
[0.165s] DEBUG:colcon.colcon_core.package_identification:Package 'src/assignment2_publisher_subscriber' with type 'ros.ament_python' and name 'assignment2_publisher_subscriber'
[0.165s] Level 1:colcon.colcon_core.package_identification:_identify(src/assignment2_publisher_subscriber_avd) by extensions ['ignore', 'ignore_ament_install']
[0.165s] Level 1:colcon.colcon_core.package_identification:_identify(src/assignment2_publisher_subscriber_avd) by extension 'ignore'
[0.165s] Level 1:colcon.colcon_core.package_identification:_identify(src/assignment2_publisher_subscriber_avd) by extension 'ignore_ament_install'
[0.165s] Level 1:colcon.colcon_core.package_identification:_identify(src/assignment2_publisher_subscriber_avd) by extensions ['colcon_pkg']
[0.165s] Level 1:colcon.colcon_core.package_identification:_identify(src/assignment2_publisher_subscriber_avd) by extension 'colcon_pkg'
[0.165s] Level 1:colcon.colcon_core.package_identification:_identify(src/assignment2_publisher_subscriber_avd) by extensions ['colcon_meta']
[0.165s] Level 1:colcon.colcon_core.package_identification:_identify(src/assignment2_publisher_subscriber_avd) by extension 'colcon_meta'
[0.165s] Level 1:colcon.colcon_core.package_identification:_identify(src/assignment2_publisher_subscriber_avd) by extensions ['ros']
[0.165s] Level 1:colcon.colcon_core.package_identification:_identify(src/assignment2_publisher_subscriber_avd) by extension 'ros'
[0.166s] DEBUG:colcon.colcon_core.package_identification:Package 'src/assignment2_publisher_subscriber_avd' with type 'ros.ament_python' and name 'assignment2_publisher_subscriber_avd'
[0.166s] Level 1:colcon.colcon_core.package_identification:_identify(src/assignment4_avd) by extensions ['ignore', 'ignore_ament_install']
[0.166s] Level 1:colcon.colcon_core.package_identification:_identify(src/assignment4_avd) by extension 'ignore'
[0.166s] Level 1:colcon.colcon_core.package_identification:_identify(src/assignment4_avd) by extension 'ignore_ament_install'
[0.166s] Level 1:colcon.colcon_core.package_identification:_identify(src/assignment4_avd) by extensions ['colcon_pkg']
[0.166s] Level 1:colcon.colcon_core.package_identification:_identify(src/assignment4_avd) by extension 'colcon_pkg'
[0.166s] Level 1:colcon.colcon_core.package_identification:_identify(src/assignment4_avd) by extensions ['colcon_meta']
[0.166s] Level 1:colcon.colcon_core.package_identification:_identify(src/assignment4_avd) by extension 'colcon_meta'
[0.166s] Level 1:colcon.colcon_core.package_identification:_identify(src/assignment4_avd) by extensions ['ros']
[0.166s] Level 1:colcon.colcon_core.package_identification:_identify(src/assignment4_avd) by extension 'ros'
[0.167s] DEBUG:colcon.colcon_core.package_identification:Package 'src/assignment4_avd' with type 'ros.ament_python' and name 'assignment4_avd'
[0.167s] Level 1:colcon.colcon_core.package_identification:_identify(src/binary_image) by extensions ['ignore', 'ignore_ament_install']
[0.167s] Level 1:colcon.colcon_core.package_identification:_identify(src/binary_image) by extension 'ignore'
[0.167s] Level 1:colcon.colcon_core.package_identification:_identify(src/binary_image) by extension 'ignore_ament_install'
[0.167s] Level 1:colcon.colcon_core.package_identification:_identify(src/binary_image) by extensions ['colcon_pkg']
[0.167s] Level 1:colcon.colcon_core.package_identification:_identify(src/binary_image) by extension 'colcon_pkg'
[0.167s] Level 1:colcon.colcon_core.package_identification:_identify(src/binary_image) by extensions ['colcon_meta']
[0.167s] Level 1:colcon.colcon_core.package_identification:_identify(src/binary_image) by extension 'colcon_meta'
[0.167s] Level 1:colcon.colcon_core.package_identification:_identify(src/binary_image) by extensions ['ros']
[0.167s] Level 1:colcon.colcon_core.package_identification:_identify(src/binary_image) by extension 'ros'
[0.168s] DEBUG:colcon.colcon_core.package_identification:Package 'src/binary_image' with type 'ros.ament_python' and name 'binary_image'
[0.168s] Level 1:colcon.colcon_core.package_identification:_identify(src/camera_parameters) by extensions ['ignore', 'ignore_ament_install']
[0.168s] Level 1:colcon.colcon_core.package_identification:_identify(src/camera_parameters) by extension 'ignore'
[0.168s] Level 1:colcon.colcon_core.package_identification:_identify(src/camera_parameters) by extension 'ignore_ament_install'
[0.168s] Level 1:colcon.colcon_core.package_identification:_identify(src/camera_parameters) by extensions ['colcon_pkg']
[0.168s] Level 1:colcon.colcon_core.package_identification:_identify(src/camera_parameters) by extension 'colcon_pkg'
[0.168s] Level 1:colcon.colcon_core.package_identification:_identify(src/camera_parameters) by extensions ['colcon_meta']
[0.168s] Level 1:colcon.colcon_core.package_identification:_identify(src/camera_parameters) by extension 'colcon_meta'
[0.168s] Level 1:colcon.colcon_core.package_identification:_identify(src/camera_parameters) by extensions ['ros']
[0.168s] Level 1:colcon.colcon_core.package_identification:_identify(src/camera_parameters) by extension 'ros'
[0.169s] DEBUG:colcon.colcon_core.package_identification:Package 'src/camera_parameters' with type 'ros.ament_python' and name 'camera_parameters'
[0.169s] Level 1:colcon.colcon_core.package_identification:_identify(src/simple_drive_control) by extensions ['ignore', 'ignore_ament_install']
[0.169s] Level 1:colcon.colcon_core.package_identification:_identify(src/simple_drive_control) by extension 'ignore'
[0.169s] Level 1:colcon.colcon_core.package_identification:_identify(src/simple_drive_control) by extension 'ignore_ament_install'
[0.169s] Level 1:colcon.colcon_core.package_identification:_identify(src/simple_drive_control) by extensions ['colcon_pkg']
[0.169s] Level 1:colcon.colcon_core.package_identification:_identify(src/simple_drive_control) by extension 'colcon_pkg'
[0.169s] Level 1:colcon.colcon_core.package_identification:_identify(src/simple_drive_control) by extensions ['colcon_meta']
[0.169s] Level 1:colcon.colcon_core.package_identification:_identify(src/simple_drive_control) by extension 'colcon_meta'
[0.169s] Level 1:colcon.colcon_core.package_identification:_identify(src/simple_drive_control) by extensions ['ros']
[0.169s] Level 1:colcon.colcon_core.package_identification:_identify(src/simple_drive_control) by extension 'ros'
[0.170s] DEBUG:colcon.colcon_core.package_identification:Package 'src/simple_drive_control' with type 'ros.ament_cmake' and name 'simple_drive_control'
[0.170s] Level 1:colcon.colcon_core.package_identification:_identify(src/simple_parking_maneuver) by extensions ['ignore', 'ignore_ament_install']
[0.170s] Level 1:colcon.colcon_core.package_identification:_identify(src/simple_parking_maneuver) by extension 'ignore'
[0.170s] Level 1:colcon.colcon_core.package_identification:_identify(src/simple_parking_maneuver) by extension 'ignore_ament_install'
[0.170s] Level 1:colcon.colcon_core.package_identification:_identify(src/simple_parking_maneuver) by extensions ['colcon_pkg']
[0.170s] Level 1:colcon.colcon_core.package_identification:_identify(src/simple_parking_maneuver) by extension 'colcon_pkg'
[0.170s] Level 1:colcon.colcon_core.package_identification:_identify(src/simple_parking_maneuver) by extensions ['colcon_meta']
[0.170s] Level 1:colcon.colcon_core.package_identification:_identify(src/simple_parking_maneuver) by extension 'colcon_meta'
[0.170s] Level 1:colcon.colcon_core.package_identification:_identify(src/simple_parking_maneuver) by extensions ['ros']
[0.170s] Level 1:colcon.colcon_core.package_identification:_identify(src/simple_parking_maneuver) by extension 'ros'
[0.171s] DEBUG:colcon.colcon_core.package_identification:Package 'src/simple_parking_maneuver' with type 'ros.ament_cmake' and name 'simple_parking_maneuver'
[0.171s] Level 1:colcon.colcon_core.package_identification:_identify(src/simple_parking_maneuver_avd) by extensions ['ignore', 'ignore_ament_install']
[0.171s] Level 1:colcon.colcon_core.package_identification:_identify(src/simple_parking_maneuver_avd) by extension 'ignore'
[0.171s] Level 1:colcon.colcon_core.package_identification:_identify(src/simple_parking_maneuver_avd) by extension 'ignore_ament_install'
[0.171s] Level 1:colcon.colcon_core.package_identification:_identify(src/simple_parking_maneuver_avd) by extensions ['colcon_pkg']
[0.171s] Level 1:colcon.colcon_core.package_identification:_identify(src/simple_parking_maneuver_avd) by extension 'colcon_pkg'
[0.171s] Level 1:colcon.colcon_core.package_identification:_identify(src/simple_parking_maneuver_avd) by extensions ['colcon_meta']
[0.171s] Level 1:colcon.colcon_core.package_identification:_identify(src/simple_parking_maneuver_avd) by extension 'colcon_meta'
[0.171s] Level 1:colcon.colcon_core.package_identification:_identify(src/simple_parking_maneuver_avd) by extensions ['ros']
[0.171s] Level 1:colcon.colcon_core.package_identification:_identify(src/simple_parking_maneuver_avd) by extension 'ros'
[0.172s] DEBUG:colcon.colcon_core.package_identification:Package 'src/simple_parking_maneuver_avd' with type 'ros.ament_cmake' and name 'simple_parking_maneuver_avd'
[0.172s] Level 1:colcon.colcon_core.package_discovery:discover_packages(recursive) using defaults
[0.172s] Level 1:colcon.colcon_core.package_discovery:discover_packages(ignore) discover
[0.172s] Level 1:colcon.colcon_core.package_discovery:discover_packages(ignore) using defaults
[0.172s] Level 1:colcon.colcon_core.package_discovery:discover_packages(path) discover
[0.172s] Level 1:colcon.colcon_core.package_discovery:discover_packages(path) using defaults
[0.188s] INFO:colcon.colcon_core.package_selection:Skipping not selected package 'assignment2_publisher_subscriber_avd' in 'src/assignment2_publisher_subscriber_avd'
[0.188s] INFO:colcon.colcon_core.package_selection:Skipping not selected package 'assignment4_avd' in 'src/assignment4_avd'
[0.188s] INFO:colcon.colcon_core.package_selection:Skipping not selected package 'binary_image' in 'src/binary_image'
[0.188s] INFO:colcon.colcon_core.package_selection:Skipping not selected package 'camera_parameters' in 'src/camera_parameters'
[0.188s] INFO:colcon.colcon_core.package_selection:Skipping not selected package 'simple_drive_control' in 'src/simple_drive_control'
[0.188s] INFO:colcon.colcon_core.package_selection:Skipping not selected package 'simple_parking_maneuver' in 'src/simple_parking_maneuver'
[0.188s] INFO:colcon.colcon_core.package_selection:Skipping not selected package 'simple_parking_maneuver_avd' in 'src/simple_parking_maneuver_avd'
[0.188s] Level 1:colcon.colcon_core.package_discovery:discover_packages(prefix_path) check parameters
[0.188s] Level 1:colcon.colcon_core.package_discovery:discover_packages(prefix_path) discover
[0.190s] DEBUG:colcon.colcon_installed_package_information.package_discovery:Found 4 installed packages in /home/zheng-yang/ros2_ws/install
[0.190s] DEBUG:colcon.colcon_installed_package_information.package_discovery:Found 2 installed packages in /home/zheng-yang/install
[0.192s] DEBUG:colcon.colcon_installed_package_information.package_discovery:Found 375 installed packages in /opt/ros/jazzy
[0.193s] Level 1:colcon.colcon_core.package_discovery:discover_packages(prefix_path) using defaults
[0.240s] Level 5:colcon.colcon_core.verb:set package 'assignment2_publisher_subscriber' build argument 'cmake_args' from command line to 'None'
[0.240s] Level 5:colcon.colcon_core.verb:set package 'assignment2_publisher_subscriber' build argument 'cmake_target' from command line to 'None'
[0.240s] Level 5:colcon.colcon_core.verb:set package 'assignment2_publisher_subscriber' build argument 'cmake_target_skip_unavailable' from command line to 'False'
[0.240s] Level 5:colcon.colcon_core.verb:set package 'assignment2_publisher_subscriber' build argument 'cmake_clean_cache' from command line to 'False'
[0.241s] Level 5:colcon.colcon_core.verb:set package 'assignment2_publisher_subscriber' build argument 'cmake_clean_first' from command line to 'False'
[0.241s] Level 5:colcon.colcon_core.verb:set package 'assignment2_publisher_subscriber' build argument 'cmake_force_configure' from command line to 'False'
[0.241s] Level 5:colcon.colcon_core.verb:set package 'assignment2_publisher_subscriber' build argument 'ament_cmake_args' from command line to 'None'
[0.241s] Level 5:colcon.colcon_core.verb:set package 'assignment2_publisher_subscriber' build argument 'catkin_cmake_args' from command line to 'None'
[0.241s] Level 5:colcon.colcon_core.verb:set package 'assignment2_publisher_subscriber' build argument 'catkin_skip_building_tests' from command line to 'False'
[0.241s] DEBUG:colcon.colcon_core.verb:Building package 'assignment2_publisher_subscriber' with the following arguments: {'ament_cmake_args': None, 'build_base': '/home/zheng-yang/robotik-homework/build/assignment2_publisher_subscriber', 'catkin_cmake_args': None, 'catkin_skip_building_tests': False, 'cmake_args': None, 'cmake_clean_cache': False, 'cmake_clean_first': False, 'cmake_force_configure': False, 'cmake_target': None, 'cmake_target_skip_unavailable': False, 'install_base': '/home/zheng-yang/robotik-homework/install/assignment2_publisher_subscriber', 'merge_install': False, 'path': '/home/zheng-yang/robotik-homework/src/assignment2_publisher_subscriber', 'symlink_install': False, 'test_result_base': None}
[0.241s] INFO:colcon.colcon_core.executor:Executing jobs using 'parallel' executor
[0.241s] DEBUG:colcon.colcon_parallel_executor.executor.parallel:run_until_complete
[0.242s] INFO:colcon.colcon_ros.task.ament_python.build:Building ROS package in '/home/zheng-yang/robotik-homework/src/assignment2_publisher_subscriber' with build type 'ament_python'
[0.242s] Level 1:colcon.colcon_core.shell:create_environment_hook('assignment2_publisher_subscriber', 'ament_prefix_path')
[0.244s] INFO:colcon.colcon_core.plugin_system:Skipping extension 'colcon_core.shell.bat': Not used on non-Windows systems
[0.244s] INFO:colcon.colcon_core.shell:Creating environment hook '/home/zheng-yang/robotik-homework/install/assignment2_publisher_subscriber/share/assignment2_publisher_subscriber/hook/ament_prefix_path.ps1'
[0.246s] INFO:colcon.colcon_core.shell:Creating environment descriptor '/home/zheng-yang/robotik-homework/install/assignment2_publisher_subscriber/share/assignment2_publisher_subscriber/hook/ament_prefix_path.dsv'
[0.246s] INFO:colcon.colcon_core.shell:Creating environment hook '/home/zheng-yang/robotik-homework/install/assignment2_publisher_subscriber/share/assignment2_publisher_subscriber/hook/ament_prefix_path.sh'
[0.247s] INFO:colcon.colcon_core.shell:Skip shell extension 'powershell' for command environment: Not usable outside of PowerShell
[0.247s] DEBUG:colcon.colcon_core.shell:Skip shell extension 'dsv' for command environment
[0.446s] INFO:colcon.colcon_core.task.python.build:Building Python package in '/home/zheng-yang/robotik-homework/src/assignment2_publisher_subscriber'
[0.446s] INFO:colcon.colcon_core.shell:Skip shell extension 'powershell' for command environment: Not usable outside of PowerShell
[0.446s] DEBUG:colcon.colcon_core.shell:Skip shell extension 'dsv' for command environment
[0.996s] DEBUG:colcon.colcon_core.event_handler.log_command:Invoking command in '/home/zheng-yang/robotik-homework/src/assignment2_publisher_subscriber': DEBUGINFOD_URLS=https://debuginfod.ubuntu.com PYTHONPATH=/home/zheng-yang/robotik-homework/build/assignment2_publisher_subscriber/prefix_override:/usr/lib/python3/dist-packages/colcon_core/task/python/colcon_distutils_commands:/home/zheng-yang/robotik-homework/install/assignment2_publisher_subscriber/lib/python3.12/site-packages:${PYTHONPATH} /usr/bin/python3 -W ignore:setup.py install is deprecated -W ignore:easy_install command is deprecated setup.py egg_info --egg-base ../../build/assignment2_publisher_subscriber build --build-base /home/zheng-yang/robotik-homework/build/assignment2_publisher_subscriber/build install --record /home/zheng-yang/robotik-homework/build/assignment2_publisher_subscriber/install.log --single-version-externally-managed install_data
[1.529s] DEBUG:colcon.colcon_core.event_handler.log_command:Invoked command in '/home/zheng-yang/robotik-homework/src/assignment2_publisher_subscriber' returned '0': DEBUGINFOD_URLS=https://debuginfod.ubuntu.com PYTHONPATH=/home/zheng-yang/robotik-homework/build/assignment2_publisher_subscriber/prefix_override:/usr/lib/python3/dist-packages/colcon_core/task/python/colcon_distutils_commands:/home/zheng-yang/robotik-homework/install/assignment2_publisher_subscriber/lib/python3.12/site-packages:${PYTHONPATH} /usr/bin/python3 -W ignore:setup.py install is deprecated -W ignore:easy_install command is deprecated setup.py egg_info --egg-base ../../build/assignment2_publisher_subscriber build --build-base /home/zheng-yang/robotik-homework/build/assignment2_publisher_subscriber/build install --record /home/zheng-yang/robotik-homework/build/assignment2_publisher_subscriber/install.log --single-version-externally-managed install_data
[1.530s] Level 1:colcon.colcon_core.environment:checking '/home/zheng-yang/robotik-homework/install/assignment2_publisher_subscriber' for CMake module files
[1.531s] Level 1:colcon.colcon_core.environment:checking '/home/zheng-yang/robotik-homework/install/assignment2_publisher_subscriber' for CMake config files
[1.531s] Level 1:colcon.colcon_core.environment:checking '/home/zheng-yang/robotik-homework/install/assignment2_publisher_subscriber/lib'
[1.531s] Level 1:colcon.colcon_core.environment:checking '/home/zheng-yang/robotik-homework/install/assignment2_publisher_subscriber/bin'
[1.531s] Level 1:colcon.colcon_core.environment:checking '/home/zheng-yang/robotik-homework/install/assignment2_publisher_subscriber/lib/pkgconfig/assignment2_publisher_subscriber.pc'
[1.532s] Level 1:colcon.colcon_core.environment:checking '/home/zheng-yang/robotik-homework/install/assignment2_publisher_subscriber/lib/python3.12/site-packages'
[1.532s] Level 1:colcon.colcon_core.shell:create_environment_hook('assignment2_publisher_subscriber', 'pythonpath')
[1.532s] INFO:colcon.colcon_core.shell:Creating environment hook '/home/zheng-yang/robotik-homework/install/assignment2_publisher_subscriber/share/assignment2_publisher_subscriber/hook/pythonpath.ps1'
[1.532s] INFO:colcon.colcon_core.shell:Creating environment descriptor '/home/zheng-yang/robotik-homework/install/assignment2_publisher_subscriber/share/assignment2_publisher_subscriber/hook/pythonpath.dsv'
[1.532s] INFO:colcon.colcon_core.shell:Creating environment hook '/home/zheng-yang/robotik-homework/install/assignment2_publisher_subscriber/share/assignment2_publisher_subscriber/hook/pythonpath.sh'
[1.533s] Level 1:colcon.colcon_core.environment:checking '/home/zheng-yang/robotik-homework/install/assignment2_publisher_subscriber/bin'
[1.533s] Level 1:colcon.colcon_core.environment:create_environment_scripts_only(assignment2_publisher_subscriber)
[1.533s] INFO:colcon.colcon_core.shell:Creating package script '/home/zheng-yang/robotik-homework/install/assignment2_publisher_subscriber/share/assignment2_publisher_subscriber/package.ps1'
[1.534s] INFO:colcon.colcon_core.shell:Creating package descriptor '/home/zheng-yang/robotik-homework/install/assignment2_publisher_subscriber/share/assignment2_publisher_subscriber/package.dsv'
[1.534s] INFO:colcon.colcon_core.shell:Creating package script '/home/zheng-yang/robotik-homework/install/assignment2_publisher_subscriber/share/assignment2_publisher_subscriber/package.sh'
[1.535s] INFO:colcon.colcon_core.shell:Creating package script '/home/zheng-yang/robotik-homework/install/assignment2_publisher_subscriber/share/assignment2_publisher_subscriber/package.bash'
[1.535s] INFO:colcon.colcon_core.shell:Creating package script '/home/zheng-yang/robotik-homework/install/assignment2_publisher_subscriber/share/assignment2_publisher_subscriber/package.zsh'
[1.536s] Level 1:colcon.colcon_core.environment:create_file_with_runtime_dependencies(/home/zheng-yang/robotik-homework/install/assignment2_publisher_subscriber/share/colcon-core/packages/assignment2_publisher_subscriber)
[1.536s] DEBUG:colcon.colcon_parallel_executor.executor.parallel:closing loop
[1.536s] DEBUG:colcon.colcon_parallel_executor.executor.parallel:loop closed
[1.536s] DEBUG:colcon.colcon_parallel_executor.executor.parallel:run_until_complete finished with '0'
[1.536s] DEBUG:colcon.colcon_core.event_reactor:joining thread
[1.541s] INFO:colcon.colcon_core.plugin_system:Skipping extension 'colcon_notification.desktop_notification.terminal_notifier': Not used on non-Darwin systems
[1.541s] INFO:colcon.colcon_core.plugin_system:Skipping extension 'colcon_notification.desktop_notification.win32': Not used on non-Windows systems
[1.541s] INFO:colcon.colcon_notification.desktop_notification:Sending desktop notification using 'notify2'
[1.554s] DEBUG:colcon.colcon_core.event_reactor:joined thread
[1.554s] INFO:colcon.colcon_core.shell:Creating prefix script '/home/zheng-yang/robotik-homework/install/local_setup.ps1'
[1.555s] INFO:colcon.colcon_core.shell:Creating prefix util module '/home/zheng-yang/robotik-homework/install/_local_setup_util_ps1.py'
[1.556s] INFO:colcon.colcon_core.shell:Creating prefix chain script '/home/zheng-yang/robotik-homework/install/setup.ps1'
[1.558s] INFO:colcon.colcon_core.shell:Creating prefix script '/home/zheng-yang/robotik-homework/install/local_setup.sh'
[1.559s] INFO:colcon.colcon_core.shell:Creating prefix util module '/home/zheng-yang/robotik-homework/install/_local_setup_util_sh.py'
[1.559s] INFO:colcon.colcon_core.shell:Creating prefix chain script '/home/zheng-yang/robotik-homework/install/setup.sh'
[1.561s] INFO:colcon.colcon_core.shell:Creating prefix script '/home/zheng-yang/robotik-homework/install/local_setup.bash'
[1.561s] INFO:colcon.colcon_core.shell:Creating prefix chain script '/home/zheng-yang/robotik-homework/install/setup.bash'
[1.563s] INFO:colcon.colcon_core.shell:Creating prefix script '/home/zheng-yang/robotik-homework/install/local_setup.zsh'
[1.563s] INFO:colcon.colcon_core.shell:Creating prefix chain script '/home/zheng-yang/robotik-homework/install/setup.zsh'
