[0.108s] DEBUG:colcon:Command line arguments: ['/usr/bin/colcon', 'build', '--symlink-install', '--cmake-args', '-DCMAKE_C_COMPILER=clang', '-DCMAKE_CXX_COMPILER=clang++']
[0.108s] DEBUG:colcon:Parsed command line arguments: Namespace(log_base=None, log_level=None, verb_name='build', build_base='build', install_base='install', merge_install=False, symlink_install=True, test_result_base=None, continue_on_error=False, executor='parallel', parallel_workers=8, event_handlers=None, ignore_user_meta=False, metas=['./colcon.meta'], base_paths=['.'], packages_ignore=None, packages_ignore_regex=None, paths=None, packages_up_to=None, packages_up_to_regex=None, packages_above=None, packages_above_and_dependencies=None, packages_above_depth=None, packages_select_by_dep=None, packages_skip_by_dep=None, packages_skip_up_to=None, packages_select_build_failed=False, packages_skip_build_finished=False, packages_select_test_failures=False, packages_skip_test_passed=False, packages_select=None, packages_skip=None, packages_select_regex=None, packages_skip_regex=None, packages_start=None, packages_end=None, allow_overriding=[], cmake_args=['-DCMAKE_C_COMPILER=clang', '-DCMAKE_CXX_COMPILER=clang++'], cmake_target=None, cmake_target_skip_unavailable=False, cmake_clean_cache=False, cmake_clean_first=False, cmake_force_configure=False, ament_cmake_args=None, catkin_cmake_args=None, catkin_skip_building_tests=False, mixin_files=None, mixin=None, verb_parser=<colcon_mixin.mixin.mixin_argument.MixinArgumentDecorator object at 0x7d019365e330>, verb_extension=<colcon_core.verb.build.BuildVerb object at 0x7d0193776720>, main=<bound method BuildVerb.main of <colcon_core.verb.build.BuildVerb object at 0x7d0193776720>>, mixin_verb=('build',))
[0.143s] Level 1:colcon.colcon_core.package_discovery:discover_packages(colcon_meta) check parameters
[0.143s] Level 1:colcon.colcon_core.package_discovery:discover_packages(recursive) check parameters
[0.143s] Level 1:colcon.colcon_core.package_discovery:discover_packages(ignore) check parameters
[0.143s] Level 1:colcon.colcon_core.package_discovery:discover_packages(path) check parameters
[0.143s] Level 1:colcon.colcon_core.package_discovery:discover_packages(colcon_meta) discover
[0.143s] Level 1:colcon.colcon_core.package_discovery:discover_packages(recursive) discover
[0.143s] INFO:colcon.colcon_core.package_discovery:Crawling recursively for packages in '/home/zheng-yang/robotik-homework'
[0.143s] Level 1:colcon.colcon_core.package_identification:_identify(.) by extensions ['ignore', 'ignore_ament_install']
[0.144s] Level 1:colcon.colcon_core.package_identification:_identify(.) by extension 'ignore'
[0.144s] Level 1:colcon.colcon_core.package_identification:_identify(.) by extension 'ignore_ament_install'
[0.144s] Level 1:colcon.colcon_core.package_identification:_identify(.) by extensions ['colcon_pkg']
[0.144s] Level 1:colcon.colcon_core.package_identification:_identify(.) by extension 'colcon_pkg'
[0.144s] Level 1:colcon.colcon_core.package_identification:_identify(.) by extensions ['colcon_meta']
[0.144s] Level 1:colcon.colcon_core.package_identification:_identify(.) by extension 'colcon_meta'
[0.144s] Level 1:colcon.colcon_core.package_identification:_identify(.) by extensions ['ros']
[0.144s] Level 1:colcon.colcon_core.package_identification:_identify(.) by extension 'ros'
[0.167s] Level 1:colcon.colcon_core.package_identification:_identify(.) by extensions ['cmake', 'python']
[0.167s] Level 1:colcon.colcon_core.package_identification:_identify(.) by extension 'cmake'
[0.167s] Level 1:colcon.colcon_core.package_identification:_identify(.) by extension 'python'
[0.167s] Level 1:colcon.colcon_core.package_identification:_identify(.) by extensions ['python_setup_py']
[0.167s] Level 1:colcon.colcon_core.package_identification:_identify(.) by extension 'python_setup_py'
[0.167s] Level 1:colcon.colcon_core.package_identification:_identify(bag_files) by extensions ['ignore', 'ignore_ament_install']
[0.167s] Level 1:colcon.colcon_core.package_identification:_identify(bag_files) by extension 'ignore'
[0.167s] Level 1:colcon.colcon_core.package_identification:_identify(bag_files) by extension 'ignore_ament_install'
[0.167s] Level 1:colcon.colcon_core.package_identification:_identify(bag_files) by extensions ['colcon_pkg']
[0.167s] Level 1:colcon.colcon_core.package_identification:_identify(bag_files) by extension 'colcon_pkg'
[0.168s] Level 1:colcon.colcon_core.package_identification:_identify(bag_files) by extensions ['colcon_meta']
[0.168s] Level 1:colcon.colcon_core.package_identification:_identify(bag_files) by extension 'colcon_meta'
[0.168s] Level 1:colcon.colcon_core.package_identification:_identify(bag_files) by extensions ['ros']
[0.168s] Level 1:colcon.colcon_core.package_identification:_identify(bag_files) by extension 'ros'
[0.168s] Level 1:colcon.colcon_core.package_identification:_identify(bag_files) by extensions ['cmake', 'python']
[0.168s] Level 1:colcon.colcon_core.package_identification:_identify(bag_files) by extension 'cmake'
[0.168s] Level 1:colcon.colcon_core.package_identification:_identify(bag_files) by extension 'python'
[0.168s] Level 1:colcon.colcon_core.package_identification:_identify(bag_files) by extensions ['python_setup_py']
[0.168s] Level 1:colcon.colcon_core.package_identification:_identify(bag_files) by extension 'python_setup_py'
[0.168s] Level 1:colcon.colcon_core.package_identification:_identify(bag_files/calibration) by extensions ['ignore', 'ignore_ament_install']
[0.168s] Level 1:colcon.colcon_core.package_identification:_identify(bag_files/calibration) by extension 'ignore'
[0.168s] Level 1:colcon.colcon_core.package_identification:_identify(bag_files/calibration) by extension 'ignore_ament_install'
[0.168s] Level 1:colcon.colcon_core.package_identification:_identify(bag_files/calibration) by extensions ['colcon_pkg']
[0.168s] Level 1:colcon.colcon_core.package_identification:_identify(bag_files/calibration) by extension 'colcon_pkg'
[0.168s] Level 1:colcon.colcon_core.package_identification:_identify(bag_files/calibration) by extensions ['colcon_meta']
[0.168s] Level 1:colcon.colcon_core.package_identification:_identify(bag_files/calibration) by extension 'colcon_meta'
[0.168s] Level 1:colcon.colcon_core.package_identification:_identify(bag_files/calibration) by extensions ['ros']
[0.168s] Level 1:colcon.colcon_core.package_identification:_identify(bag_files/calibration) by extension 'ros'
[0.169s] Level 1:colcon.colcon_core.package_identification:_identify(bag_files/calibration) by extensions ['cmake', 'python']
[0.169s] Level 1:colcon.colcon_core.package_identification:_identify(bag_files/calibration) by extension 'cmake'
[0.169s] Level 1:colcon.colcon_core.package_identification:_identify(bag_files/calibration) by extension 'python'
[0.169s] Level 1:colcon.colcon_core.package_identification:_identify(bag_files/calibration) by extensions ['python_setup_py']
[0.169s] Level 1:colcon.colcon_core.package_identification:_identify(bag_files/calibration) by extension 'python_setup_py'
[0.169s] Level 1:colcon.colcon_core.package_identification:_identify(build) by extensions ['ignore', 'ignore_ament_install']
[0.169s] Level 1:colcon.colcon_core.package_identification:_identify(build) by extension 'ignore'
[0.169s] Level 1:colcon.colcon_core.package_identification:_identify(build) ignored
[0.169s] Level 1:colcon.colcon_core.package_identification:_identify(install) by extensions ['ignore', 'ignore_ament_install']
[0.169s] Level 1:colcon.colcon_core.package_identification:_identify(install) by extension 'ignore'
[0.169s] Level 1:colcon.colcon_core.package_identification:_identify(install) ignored
[0.169s] Level 1:colcon.colcon_core.package_identification:_identify(log) by extensions ['ignore', 'ignore_ament_install']
[0.169s] Level 1:colcon.colcon_core.package_identification:_identify(log) by extension 'ignore'
[0.169s] Level 1:colcon.colcon_core.package_identification:_identify(log) ignored
[0.169s] Level 1:colcon.colcon_core.package_identification:_identify(src) by extensions ['ignore', 'ignore_ament_install']
[0.170s] Level 1:colcon.colcon_core.package_identification:_identify(src) by extension 'ignore'
[0.170s] Level 1:colcon.colcon_core.package_identification:_identify(src) by extension 'ignore_ament_install'
[0.170s] Level 1:colcon.colcon_core.package_identification:_identify(src) by extensions ['colcon_pkg']
[0.170s] Level 1:colcon.colcon_core.package_identification:_identify(src) by extension 'colcon_pkg'
[0.170s] Level 1:colcon.colcon_core.package_identification:_identify(src) by extensions ['colcon_meta']
[0.170s] Level 1:colcon.colcon_core.package_identification:_identify(src) by extension 'colcon_meta'
[0.170s] Level 1:colcon.colcon_core.package_identification:_identify(src) by extensions ['ros']
[0.170s] Level 1:colcon.colcon_core.package_identification:_identify(src) by extension 'ros'
[0.170s] Level 1:colcon.colcon_core.package_identification:_identify(src) by extensions ['cmake', 'python']
[0.170s] Level 1:colcon.colcon_core.package_identification:_identify(src) by extension 'cmake'
[0.170s] Level 1:colcon.colcon_core.package_identification:_identify(src) by extension 'python'
[0.170s] Level 1:colcon.colcon_core.package_identification:_identify(src) by extensions ['python_setup_py']
[0.170s] Level 1:colcon.colcon_core.package_identification:_identify(src) by extension 'python_setup_py'
[0.170s] Level 1:colcon.colcon_core.package_identification:_identify(src/assignment2_publisher_subscriber) by extensions ['ignore', 'ignore_ament_install']
[0.170s] Level 1:colcon.colcon_core.package_identification:_identify(src/assignment2_publisher_subscriber) by extension 'ignore'
[0.170s] Level 1:colcon.colcon_core.package_identification:_identify(src/assignment2_publisher_subscriber) by extension 'ignore_ament_install'
[0.170s] Level 1:colcon.colcon_core.package_identification:_identify(src/assignment2_publisher_subscriber) by extensions ['colcon_pkg']
[0.170s] Level 1:colcon.colcon_core.package_identification:_identify(src/assignment2_publisher_subscriber) by extension 'colcon_pkg'
[0.170s] Level 1:colcon.colcon_core.package_identification:_identify(src/assignment2_publisher_subscriber) by extensions ['colcon_meta']
[0.171s] Level 1:colcon.colcon_core.package_identification:_identify(src/assignment2_publisher_subscriber) by extension 'colcon_meta'
[0.171s] Level 1:colcon.colcon_core.package_identification:_identify(src/assignment2_publisher_subscriber) by extensions ['ros']
[0.171s] Level 1:colcon.colcon_core.package_identification:_identify(src/assignment2_publisher_subscriber) by extension 'ros'
[0.173s] DEBUG:colcon.colcon_core.package_identification:Package 'src/assignment2_publisher_subscriber' with type 'ros.ament_python' and name 'assignment2_publisher_subscriber'
[0.173s] Level 1:colcon.colcon_core.package_identification:_identify(src/assignment2_publisher_subscriber_avd) by extensions ['ignore', 'ignore_ament_install']
[0.173s] Level 1:colcon.colcon_core.package_identification:_identify(src/assignment2_publisher_subscriber_avd) by extension 'ignore'
[0.174s] Level 1:colcon.colcon_core.package_identification:_identify(src/assignment2_publisher_subscriber_avd) by extension 'ignore_ament_install'
[0.174s] Level 1:colcon.colcon_core.package_identification:_identify(src/assignment2_publisher_subscriber_avd) by extensions ['colcon_pkg']
[0.174s] Level 1:colcon.colcon_core.package_identification:_identify(src/assignment2_publisher_subscriber_avd) by extension 'colcon_pkg'
[0.174s] Level 1:colcon.colcon_core.package_identification:_identify(src/assignment2_publisher_subscriber_avd) by extensions ['colcon_meta']
[0.174s] Level 1:colcon.colcon_core.package_identification:_identify(src/assignment2_publisher_subscriber_avd) by extension 'colcon_meta'
[0.174s] Level 1:colcon.colcon_core.package_identification:_identify(src/assignment2_publisher_subscriber_avd) by extensions ['ros']
[0.174s] Level 1:colcon.colcon_core.package_identification:_identify(src/assignment2_publisher_subscriber_avd) by extension 'ros'
[0.175s] DEBUG:colcon.colcon_core.package_identification:Package 'src/assignment2_publisher_subscriber_avd' with type 'ros.ament_python' and name 'assignment2_publisher_subscriber_avd'
[0.175s] Level 1:colcon.colcon_core.package_identification:_identify(src/assignment4_avd) by extensions ['ignore', 'ignore_ament_install']
[0.175s] Level 1:colcon.colcon_core.package_identification:_identify(src/assignment4_avd) by extension 'ignore'
[0.175s] Level 1:colcon.colcon_core.package_identification:_identify(src/assignment4_avd) by extension 'ignore_ament_install'
[0.175s] Level 1:colcon.colcon_core.package_identification:_identify(src/assignment4_avd) by extensions ['colcon_pkg']
[0.175s] Level 1:colcon.colcon_core.package_identification:_identify(src/assignment4_avd) by extension 'colcon_pkg'
[0.175s] Level 1:colcon.colcon_core.package_identification:_identify(src/assignment4_avd) by extensions ['colcon_meta']
[0.175s] Level 1:colcon.colcon_core.package_identification:_identify(src/assignment4_avd) by extension 'colcon_meta'
[0.175s] Level 1:colcon.colcon_core.package_identification:_identify(src/assignment4_avd) by extensions ['ros']
[0.175s] Level 1:colcon.colcon_core.package_identification:_identify(src/assignment4_avd) by extension 'ros'
[0.176s] DEBUG:colcon.colcon_core.package_identification:Package 'src/assignment4_avd' with type 'ros.ament_python' and name 'assignment4_avd'
[0.176s] Level 1:colcon.colcon_core.package_identification:_identify(src/binary_image) by extensions ['ignore', 'ignore_ament_install']
[0.176s] Level 1:colcon.colcon_core.package_identification:_identify(src/binary_image) by extension 'ignore'
[0.176s] Level 1:colcon.colcon_core.package_identification:_identify(src/binary_image) by extension 'ignore_ament_install'
[0.176s] Level 1:colcon.colcon_core.package_identification:_identify(src/binary_image) by extensions ['colcon_pkg']
[0.176s] Level 1:colcon.colcon_core.package_identification:_identify(src/binary_image) by extension 'colcon_pkg'
[0.176s] Level 1:colcon.colcon_core.package_identification:_identify(src/binary_image) by extensions ['colcon_meta']
[0.176s] Level 1:colcon.colcon_core.package_identification:_identify(src/binary_image) by extension 'colcon_meta'
[0.176s] Level 1:colcon.colcon_core.package_identification:_identify(src/binary_image) by extensions ['ros']
[0.176s] Level 1:colcon.colcon_core.package_identification:_identify(src/binary_image) by extension 'ros'
[0.177s] DEBUG:colcon.colcon_core.package_identification:Package 'src/binary_image' with type 'ros.ament_python' and name 'binary_image'
[0.177s] Level 1:colcon.colcon_core.package_identification:_identify(src/camera_parameters) by extensions ['ignore', 'ignore_ament_install']
[0.177s] Level 1:colcon.colcon_core.package_identification:_identify(src/camera_parameters) by extension 'ignore'
[0.177s] Level 1:colcon.colcon_core.package_identification:_identify(src/camera_parameters) by extension 'ignore_ament_install'
[0.177s] Level 1:colcon.colcon_core.package_identification:_identify(src/camera_parameters) by extensions ['colcon_pkg']
[0.177s] Level 1:colcon.colcon_core.package_identification:_identify(src/camera_parameters) by extension 'colcon_pkg'
[0.177s] Level 1:colcon.colcon_core.package_identification:_identify(src/camera_parameters) by extensions ['colcon_meta']
[0.177s] Level 1:colcon.colcon_core.package_identification:_identify(src/camera_parameters) by extension 'colcon_meta'
[0.177s] Level 1:colcon.colcon_core.package_identification:_identify(src/camera_parameters) by extensions ['ros']
[0.177s] Level 1:colcon.colcon_core.package_identification:_identify(src/camera_parameters) by extension 'ros'
[0.178s] DEBUG:colcon.colcon_core.package_identification:Package 'src/camera_parameters' with type 'ros.ament_python' and name 'camera_parameters'
[0.178s] Level 1:colcon.colcon_core.package_identification:_identify(src/simple_drive_control) by extensions ['ignore', 'ignore_ament_install']
[0.178s] Level 1:colcon.colcon_core.package_identification:_identify(src/simple_drive_control) by extension 'ignore'
[0.178s] Level 1:colcon.colcon_core.package_identification:_identify(src/simple_drive_control) by extension 'ignore_ament_install'
[0.178s] Level 1:colcon.colcon_core.package_identification:_identify(src/simple_drive_control) by extensions ['colcon_pkg']
[0.178s] Level 1:colcon.colcon_core.package_identification:_identify(src/simple_drive_control) by extension 'colcon_pkg'
[0.178s] Level 1:colcon.colcon_core.package_identification:_identify(src/simple_drive_control) by extensions ['colcon_meta']
[0.178s] Level 1:colcon.colcon_core.package_identification:_identify(src/simple_drive_control) by extension 'colcon_meta'
[0.178s] Level 1:colcon.colcon_core.package_identification:_identify(src/simple_drive_control) by extensions ['ros']
[0.178s] Level 1:colcon.colcon_core.package_identification:_identify(src/simple_drive_control) by extension 'ros'
[0.179s] DEBUG:colcon.colcon_core.package_identification:Package 'src/simple_drive_control' with type 'ros.ament_cmake' and name 'simple_drive_control'
[0.179s] Level 1:colcon.colcon_core.package_identification:_identify(src/simple_parking_maneuver) by extensions ['ignore', 'ignore_ament_install']
[0.179s] Level 1:colcon.colcon_core.package_identification:_identify(src/simple_parking_maneuver) by extension 'ignore'
[0.179s] Level 1:colcon.colcon_core.package_identification:_identify(src/simple_parking_maneuver) by extension 'ignore_ament_install'
[0.179s] Level 1:colcon.colcon_core.package_identification:_identify(src/simple_parking_maneuver) by extensions ['colcon_pkg']
[0.179s] Level 1:colcon.colcon_core.package_identification:_identify(src/simple_parking_maneuver) by extension 'colcon_pkg'
[0.179s] Level 1:colcon.colcon_core.package_identification:_identify(src/simple_parking_maneuver) by extensions ['colcon_meta']
[0.179s] Level 1:colcon.colcon_core.package_identification:_identify(src/simple_parking_maneuver) by extension 'colcon_meta'
[0.179s] Level 1:colcon.colcon_core.package_identification:_identify(src/simple_parking_maneuver) by extensions ['ros']
[0.179s] Level 1:colcon.colcon_core.package_identification:_identify(src/simple_parking_maneuver) by extension 'ros'
[0.180s] DEBUG:colcon.colcon_core.package_identification:Package 'src/simple_parking_maneuver' with type 'ros.ament_cmake' and name 'simple_parking_maneuver'
[0.180s] Level 1:colcon.colcon_core.package_identification:_identify(src/simple_parking_maneuver_avd) by extensions ['ignore', 'ignore_ament_install']
[0.180s] Level 1:colcon.colcon_core.package_identification:_identify(src/simple_parking_maneuver_avd) by extension 'ignore'
[0.180s] Level 1:colcon.colcon_core.package_identification:_identify(src/simple_parking_maneuver_avd) by extension 'ignore_ament_install'
[0.180s] Level 1:colcon.colcon_core.package_identification:_identify(src/simple_parking_maneuver_avd) by extensions ['colcon_pkg']
[0.180s] Level 1:colcon.colcon_core.package_identification:_identify(src/simple_parking_maneuver_avd) by extension 'colcon_pkg'
[0.180s] Level 1:colcon.colcon_core.package_identification:_identify(src/simple_parking_maneuver_avd) by extensions ['colcon_meta']
[0.180s] Level 1:colcon.colcon_core.package_identification:_identify(src/simple_parking_maneuver_avd) by extension 'colcon_meta'
[0.180s] Level 1:colcon.colcon_core.package_identification:_identify(src/simple_parking_maneuver_avd) by extensions ['ros']
[0.180s] Level 1:colcon.colcon_core.package_identification:_identify(src/simple_parking_maneuver_avd) by extension 'ros'
[0.181s] DEBUG:colcon.colcon_core.package_identification:Package 'src/simple_parking_maneuver_avd' with type 'ros.ament_cmake' and name 'simple_parking_maneuver_avd'
[0.181s] Level 1:colcon.colcon_core.package_discovery:discover_packages(recursive) using defaults
[0.181s] Level 1:colcon.colcon_core.package_discovery:discover_packages(ignore) discover
[0.181s] Level 1:colcon.colcon_core.package_discovery:discover_packages(ignore) using defaults
[0.181s] Level 1:colcon.colcon_core.package_discovery:discover_packages(path) discover
[0.181s] Level 1:colcon.colcon_core.package_discovery:discover_packages(path) using defaults
[0.198s] Level 1:colcon.colcon_core.package_discovery:discover_packages(prefix_path) check parameters
[0.198s] Level 1:colcon.colcon_core.package_discovery:discover_packages(prefix_path) discover
[0.198s] Level 1:colcon.colcon_core.package_discovery:discover_packages(prefix_path) using defaults
[0.199s] Level 5:colcon.colcon_core.verb:set package 'assignment2_publisher_subscriber' build argument 'cmake_args' from command line to '['-DCMAKE_C_COMPILER=clang', '-DCMAKE_CXX_COMPILER=clang++']'
[0.199s] Level 5:colcon.colcon_core.verb:set package 'assignment2_publisher_subscriber' build argument 'cmake_target' from command line to 'None'
[0.199s] Level 5:colcon.colcon_core.verb:set package 'assignment2_publisher_subscriber' build argument 'cmake_target_skip_unavailable' from command line to 'False'
[0.199s] Level 5:colcon.colcon_core.verb:set package 'assignment2_publisher_subscriber' build argument 'cmake_clean_cache' from command line to 'False'
[0.200s] Level 5:colcon.colcon_core.verb:set package 'assignment2_publisher_subscriber' build argument 'cmake_clean_first' from command line to 'False'
[0.200s] Level 5:colcon.colcon_core.verb:set package 'assignment2_publisher_subscriber' build argument 'cmake_force_configure' from command line to 'False'
[0.200s] Level 5:colcon.colcon_core.verb:set package 'assignment2_publisher_subscriber' build argument 'ament_cmake_args' from command line to 'None'
[0.200s] Level 5:colcon.colcon_core.verb:set package 'assignment2_publisher_subscriber' build argument 'catkin_cmake_args' from command line to 'None'
[0.200s] Level 5:colcon.colcon_core.verb:set package 'assignment2_publisher_subscriber' build argument 'catkin_skip_building_tests' from command line to 'False'
[0.200s] DEBUG:colcon.colcon_core.verb:Building package 'assignment2_publisher_subscriber' with the following arguments: {'ament_cmake_args': None, 'build_base': '/home/zheng-yang/robotik-homework/build/assignment2_publisher_subscriber', 'catkin_cmake_args': None, 'catkin_skip_building_tests': False, 'cmake_args': ['-DCMAKE_C_COMPILER=clang', '-DCMAKE_CXX_COMPILER=clang++'], 'cmake_clean_cache': False, 'cmake_clean_first': False, 'cmake_force_configure': False, 'cmake_target': None, 'cmake_target_skip_unavailable': False, 'install_base': '/home/zheng-yang/robotik-homework/install/assignment2_publisher_subscriber', 'merge_install': False, 'path': '/home/zheng-yang/robotik-homework/src/assignment2_publisher_subscriber', 'symlink_install': True, 'test_result_base': None}
[0.200s] Level 5:colcon.colcon_core.verb:set package 'assignment2_publisher_subscriber_avd' build argument 'cmake_args' from command line to '['-DCMAKE_C_COMPILER=clang', '-DCMAKE_CXX_COMPILER=clang++']'
[0.200s] Level 5:colcon.colcon_core.verb:set package 'assignment2_publisher_subscriber_avd' build argument 'cmake_target' from command line to 'None'
[0.200s] Level 5:colcon.colcon_core.verb:set package 'assignment2_publisher_subscriber_avd' build argument 'cmake_target_skip_unavailable' from command line to 'False'
[0.200s] Level 5:colcon.colcon_core.verb:set package 'assignment2_publisher_subscriber_avd' build argument 'cmake_clean_cache' from command line to 'False'
[0.200s] Level 5:colcon.colcon_core.verb:set package 'assignment2_publisher_subscriber_avd' build argument 'cmake_clean_first' from command line to 'False'
[0.200s] Level 5:colcon.colcon_core.verb:set package 'assignment2_publisher_subscriber_avd' build argument 'cmake_force_configure' from command line to 'False'
[0.200s] Level 5:colcon.colcon_core.verb:set package 'assignment2_publisher_subscriber_avd' build argument 'ament_cmake_args' from command line to 'None'
[0.200s] Level 5:colcon.colcon_core.verb:set package 'assignment2_publisher_subscriber_avd' build argument 'catkin_cmake_args' from command line to 'None'
[0.200s] Level 5:colcon.colcon_core.verb:set package 'assignment2_publisher_subscriber_avd' build argument 'catkin_skip_building_tests' from command line to 'False'
[0.200s] DEBUG:colcon.colcon_core.verb:Building package 'assignment2_publisher_subscriber_avd' with the following arguments: {'ament_cmake_args': None, 'build_base': '/home/zheng-yang/robotik-homework/build/assignment2_publisher_subscriber_avd', 'catkin_cmake_args': None, 'catkin_skip_building_tests': False, 'cmake_args': ['-DCMAKE_C_COMPILER=clang', '-DCMAKE_CXX_COMPILER=clang++'], 'cmake_clean_cache': False, 'cmake_clean_first': False, 'cmake_force_configure': False, 'cmake_target': None, 'cmake_target_skip_unavailable': False, 'install_base': '/home/zheng-yang/robotik-homework/install/assignment2_publisher_subscriber_avd', 'merge_install': False, 'path': '/home/zheng-yang/robotik-homework/src/assignment2_publisher_subscriber_avd', 'symlink_install': True, 'test_result_base': None}
[0.201s] Level 5:colcon.colcon_core.verb:set package 'assignment4_avd' build argument 'cmake_args' from command line to '['-DCMAKE_C_COMPILER=clang', '-DCMAKE_CXX_COMPILER=clang++']'
[0.201s] Level 5:colcon.colcon_core.verb:set package 'assignment4_avd' build argument 'cmake_target' from command line to 'None'
[0.201s] Level 5:colcon.colcon_core.verb:set package 'assignment4_avd' build argument 'cmake_target_skip_unavailable' from command line to 'False'
[0.201s] Level 5:colcon.colcon_core.verb:set package 'assignment4_avd' build argument 'cmake_clean_cache' from command line to 'False'
[0.201s] Level 5:colcon.colcon_core.verb:set package 'assignment4_avd' build argument 'cmake_clean_first' from command line to 'False'
[0.201s] Level 5:colcon.colcon_core.verb:set package 'assignment4_avd' build argument 'cmake_force_configure' from command line to 'False'
[0.201s] Level 5:colcon.colcon_core.verb:set package 'assignment4_avd' build argument 'ament_cmake_args' from command line to 'None'
[0.201s] Level 5:colcon.colcon_core.verb:set package 'assignment4_avd' build argument 'catkin_cmake_args' from command line to 'None'
[0.201s] Level 5:colcon.colcon_core.verb:set package 'assignment4_avd' build argument 'catkin_skip_building_tests' from command line to 'False'
[0.201s] DEBUG:colcon.colcon_core.verb:Building package 'assignment4_avd' with the following arguments: {'ament_cmake_args': None, 'build_base': '/home/zheng-yang/robotik-homework/build/assignment4_avd', 'catkin_cmake_args': None, 'catkin_skip_building_tests': False, 'cmake_args': ['-DCMAKE_C_COMPILER=clang', '-DCMAKE_CXX_COMPILER=clang++'], 'cmake_clean_cache': False, 'cmake_clean_first': False, 'cmake_force_configure': False, 'cmake_target': None, 'cmake_target_skip_unavailable': False, 'install_base': '/home/zheng-yang/robotik-homework/install/assignment4_avd', 'merge_install': False, 'path': '/home/zheng-yang/robotik-homework/src/assignment4_avd', 'symlink_install': True, 'test_result_base': None}
[0.201s] Level 5:colcon.colcon_core.verb:set package 'binary_image' build argument 'cmake_args' from command line to '['-DCMAKE_C_COMPILER=clang', '-DCMAKE_CXX_COMPILER=clang++']'
[0.201s] Level 5:colcon.colcon_core.verb:set package 'binary_image' build argument 'cmake_target' from command line to 'None'
[0.201s] Level 5:colcon.colcon_core.verb:set package 'binary_image' build argument 'cmake_target_skip_unavailable' from command line to 'False'
[0.201s] Level 5:colcon.colcon_core.verb:set package 'binary_image' build argument 'cmake_clean_cache' from command line to 'False'
[0.201s] Level 5:colcon.colcon_core.verb:set package 'binary_image' build argument 'cmake_clean_first' from command line to 'False'
[0.201s] Level 5:colcon.colcon_core.verb:set package 'binary_image' build argument 'cmake_force_configure' from command line to 'False'
[0.201s] Level 5:colcon.colcon_core.verb:set package 'binary_image' build argument 'ament_cmake_args' from command line to 'None'
[0.201s] Level 5:colcon.colcon_core.verb:set package 'binary_image' build argument 'catkin_cmake_args' from command line to 'None'
[0.201s] Level 5:colcon.colcon_core.verb:set package 'binary_image' build argument 'catkin_skip_building_tests' from command line to 'False'
[0.201s] DEBUG:colcon.colcon_core.verb:Building package 'binary_image' with the following arguments: {'ament_cmake_args': None, 'build_base': '/home/zheng-yang/robotik-homework/build/binary_image', 'catkin_cmake_args': None, 'catkin_skip_building_tests': False, 'cmake_args': ['-DCMAKE_C_COMPILER=clang', '-DCMAKE_CXX_COMPILER=clang++'], 'cmake_clean_cache': False, 'cmake_clean_first': False, 'cmake_force_configure': False, 'cmake_target': None, 'cmake_target_skip_unavailable': False, 'install_base': '/home/zheng-yang/robotik-homework/install/binary_image', 'merge_install': False, 'path': '/home/zheng-yang/robotik-homework/src/binary_image', 'symlink_install': True, 'test_result_base': None}
[0.201s] Level 5:colcon.colcon_core.verb:set package 'camera_parameters' build argument 'cmake_args' from command line to '['-DCMAKE_C_COMPILER=clang', '-DCMAKE_CXX_COMPILER=clang++']'
[0.201s] Level 5:colcon.colcon_core.verb:set package 'camera_parameters' build argument 'cmake_target' from command line to 'None'
[0.201s] Level 5:colcon.colcon_core.verb:set package 'camera_parameters' build argument 'cmake_target_skip_unavailable' from command line to 'False'
[0.201s] Level 5:colcon.colcon_core.verb:set package 'camera_parameters' build argument 'cmake_clean_cache' from command line to 'False'
[0.201s] Level 5:colcon.colcon_core.verb:set package 'camera_parameters' build argument 'cmake_clean_first' from command line to 'False'
[0.201s] Level 5:colcon.colcon_core.verb:set package 'camera_parameters' build argument 'cmake_force_configure' from command line to 'False'
[0.201s] Level 5:colcon.colcon_core.verb:set package 'camera_parameters' build argument 'ament_cmake_args' from command line to 'None'
[0.201s] Level 5:colcon.colcon_core.verb:set package 'camera_parameters' build argument 'catkin_cmake_args' from command line to 'None'
[0.202s] Level 5:colcon.colcon_core.verb:set package 'camera_parameters' build argument 'catkin_skip_building_tests' from command line to 'False'
[0.202s] DEBUG:colcon.colcon_core.verb:Building package 'camera_parameters' with the following arguments: {'ament_cmake_args': None, 'build_base': '/home/zheng-yang/robotik-homework/build/camera_parameters', 'catkin_cmake_args': None, 'catkin_skip_building_tests': False, 'cmake_args': ['-DCMAKE_C_COMPILER=clang', '-DCMAKE_CXX_COMPILER=clang++'], 'cmake_clean_cache': False, 'cmake_clean_first': False, 'cmake_force_configure': False, 'cmake_target': None, 'cmake_target_skip_unavailable': False, 'install_base': '/home/zheng-yang/robotik-homework/install/camera_parameters', 'merge_install': False, 'path': '/home/zheng-yang/robotik-homework/src/camera_parameters', 'symlink_install': True, 'test_result_base': None}
[0.202s] Level 5:colcon.colcon_core.verb:set package 'simple_drive_control' build argument 'cmake_args' from command line to '['-DCMAKE_C_COMPILER=clang', '-DCMAKE_CXX_COMPILER=clang++']'
[0.202s] Level 5:colcon.colcon_core.verb:set package 'simple_drive_control' build argument 'cmake_target' from command line to 'None'
[0.202s] Level 5:colcon.colcon_core.verb:set package 'simple_drive_control' build argument 'cmake_target_skip_unavailable' from command line to 'False'
[0.202s] Level 5:colcon.colcon_core.verb:set package 'simple_drive_control' build argument 'cmake_clean_cache' from command line to 'False'
[0.202s] Level 5:colcon.colcon_core.verb:set package 'simple_drive_control' build argument 'cmake_clean_first' from command line to 'False'
[0.202s] Level 5:colcon.colcon_core.verb:set package 'simple_drive_control' build argument 'cmake_force_configure' from command line to 'False'
[0.202s] Level 5:colcon.colcon_core.verb:set package 'simple_drive_control' build argument 'ament_cmake_args' from command line to 'None'
[0.202s] Level 5:colcon.colcon_core.verb:set package 'simple_drive_control' build argument 'catkin_cmake_args' from command line to 'None'
[0.202s] Level 5:colcon.colcon_core.verb:set package 'simple_drive_control' build argument 'catkin_skip_building_tests' from command line to 'False'
[0.202s] DEBUG:colcon.colcon_core.verb:Building package 'simple_drive_control' with the following arguments: {'ament_cmake_args': None, 'build_base': '/home/zheng-yang/robotik-homework/build/simple_drive_control', 'catkin_cmake_args': None, 'catkin_skip_building_tests': False, 'cmake_args': ['-DCMAKE_C_COMPILER=clang', '-DCMAKE_CXX_COMPILER=clang++'], 'cmake_clean_cache': False, 'cmake_clean_first': False, 'cmake_force_configure': False, 'cmake_target': None, 'cmake_target_skip_unavailable': False, 'install_base': '/home/zheng-yang/robotik-homework/install/simple_drive_control', 'merge_install': False, 'path': '/home/zheng-yang/robotik-homework/src/simple_drive_control', 'symlink_install': True, 'test_result_base': None}
[0.202s] Level 5:colcon.colcon_core.verb:set package 'simple_parking_maneuver' build argument 'cmake_args' from command line to '['-DCMAKE_C_COMPILER=clang', '-DCMAKE_CXX_COMPILER=clang++']'
[0.202s] Level 5:colcon.colcon_core.verb:set package 'simple_parking_maneuver' build argument 'cmake_target' from command line to 'None'
[0.202s] Level 5:colcon.colcon_core.verb:set package 'simple_parking_maneuver' build argument 'cmake_target_skip_unavailable' from command line to 'False'
[0.202s] Level 5:colcon.colcon_core.verb:set package 'simple_parking_maneuver' build argument 'cmake_clean_cache' from command line to 'False'
[0.202s] Level 5:colcon.colcon_core.verb:set package 'simple_parking_maneuver' build argument 'cmake_clean_first' from command line to 'False'
[0.202s] Level 5:colcon.colcon_core.verb:set package 'simple_parking_maneuver' build argument 'cmake_force_configure' from command line to 'False'
[0.202s] Level 5:colcon.colcon_core.verb:set package 'simple_parking_maneuver' build argument 'ament_cmake_args' from command line to 'None'
[0.202s] Level 5:colcon.colcon_core.verb:set package 'simple_parking_maneuver' build argument 'catkin_cmake_args' from command line to 'None'
[0.202s] Level 5:colcon.colcon_core.verb:set package 'simple_parking_maneuver' build argument 'catkin_skip_building_tests' from command line to 'False'
[0.202s] DEBUG:colcon.colcon_core.verb:Building package 'simple_parking_maneuver' with the following arguments: {'ament_cmake_args': None, 'build_base': '/home/zheng-yang/robotik-homework/build/simple_parking_maneuver', 'catkin_cmake_args': None, 'catkin_skip_building_tests': False, 'cmake_args': ['-DCMAKE_C_COMPILER=clang', '-DCMAKE_CXX_COMPILER=clang++'], 'cmake_clean_cache': False, 'cmake_clean_first': False, 'cmake_force_configure': False, 'cmake_target': None, 'cmake_target_skip_unavailable': False, 'install_base': '/home/zheng-yang/robotik-homework/install/simple_parking_maneuver', 'merge_install': False, 'path': '/home/zheng-yang/robotik-homework/src/simple_parking_maneuver', 'symlink_install': True, 'test_result_base': None}
[0.203s] Level 5:colcon.colcon_core.verb:set package 'simple_parking_maneuver_avd' build argument 'cmake_args' from command line to '['-DCMAKE_C_COMPILER=clang', '-DCMAKE_CXX_COMPILER=clang++']'
[0.203s] Level 5:colcon.colcon_core.verb:set package 'simple_parking_maneuver_avd' build argument 'cmake_target' from command line to 'None'
[0.203s] Level 5:colcon.colcon_core.verb:set package 'simple_parking_maneuver_avd' build argument 'cmake_target_skip_unavailable' from command line to 'False'
[0.203s] Level 5:colcon.colcon_core.verb:set package 'simple_parking_maneuver_avd' build argument 'cmake_clean_cache' from command line to 'False'
[0.203s] Level 5:colcon.colcon_core.verb:set package 'simple_parking_maneuver_avd' build argument 'cmake_clean_first' from command line to 'False'
[0.203s] Level 5:colcon.colcon_core.verb:set package 'simple_parking_maneuver_avd' build argument 'cmake_force_configure' from command line to 'False'
[0.203s] Level 5:colcon.colcon_core.verb:set package 'simple_parking_maneuver_avd' build argument 'ament_cmake_args' from command line to 'None'
[0.203s] Level 5:colcon.colcon_core.verb:set package 'simple_parking_maneuver_avd' build argument 'catkin_cmake_args' from command line to 'None'
[0.203s] Level 5:colcon.colcon_core.verb:set package 'simple_parking_maneuver_avd' build argument 'catkin_skip_building_tests' from command line to 'False'
[0.203s] DEBUG:colcon.colcon_core.verb:Building package 'simple_parking_maneuver_avd' with the following arguments: {'ament_cmake_args': None, 'build_base': '/home/zheng-yang/robotik-homework/build/simple_parking_maneuver_avd', 'catkin_cmake_args': None, 'catkin_skip_building_tests': False, 'cmake_args': ['-DCMAKE_C_COMPILER=clang', '-DCMAKE_CXX_COMPILER=clang++'], 'cmake_clean_cache': False, 'cmake_clean_first': False, 'cmake_force_configure': False, 'cmake_target': None, 'cmake_target_skip_unavailable': False, 'install_base': '/home/zheng-yang/robotik-homework/install/simple_parking_maneuver_avd', 'merge_install': False, 'path': '/home/zheng-yang/robotik-homework/src/simple_parking_maneuver_avd', 'symlink_install': True, 'test_result_base': None}
[0.203s] INFO:colcon.colcon_core.executor:Executing jobs using 'parallel' executor
[0.203s] DEBUG:colcon.colcon_parallel_executor.executor.parallel:run_until_complete
[0.204s] INFO:colcon.colcon_ros.task.ament_cmake.build:Building ROS package in '/home/zheng-yang/robotik-homework/src/simple_drive_control' with build type 'ament_cmake'
[0.204s] INFO:colcon.colcon_cmake.task.cmake.build:Building CMake package in '/home/zheng-yang/robotik-homework/src/simple_drive_control'
[0.206s] INFO:colcon.colcon_core.plugin_system:Skipping extension 'colcon_core.shell.bat': Not used on non-Windows systems
[0.207s] INFO:colcon.colcon_core.shell:Skip shell extension 'powershell' for command environment: Not usable outside of PowerShell
[0.207s] DEBUG:colcon.colcon_core.shell:Skip shell extension 'dsv' for command environment
[0.208s] INFO:colcon.colcon_ros.task.ament_python.build:Building ROS package in '/home/zheng-yang/robotik-homework/src/assignment2_publisher_subscriber' with build type 'ament_python'
[0.208s] Level 1:colcon.colcon_core.shell:create_environment_hook('assignment2_publisher_subscriber', 'ament_prefix_path')
[0.209s] INFO:colcon.colcon_core.shell:Creating environment hook '/home/zheng-yang/robotik-homework/install/assignment2_publisher_subscriber/share/assignment2_publisher_subscriber/hook/ament_prefix_path.ps1'
[0.210s] INFO:colcon.colcon_core.shell:Creating environment descriptor '/home/zheng-yang/robotik-homework/install/assignment2_publisher_subscriber/share/assignment2_publisher_subscriber/hook/ament_prefix_path.dsv'
[0.210s] INFO:colcon.colcon_core.shell:Creating environment hook '/home/zheng-yang/robotik-homework/install/assignment2_publisher_subscriber/share/assignment2_publisher_subscriber/hook/ament_prefix_path.sh'
[0.211s] INFO:colcon.colcon_core.shell:Skip shell extension 'powershell' for command environment: Not usable outside of PowerShell
[0.211s] DEBUG:colcon.colcon_core.shell:Skip shell extension 'dsv' for command environment
[0.212s] INFO:colcon.colcon_ros.task.ament_python.build:Building ROS package in '/home/zheng-yang/robotik-homework/src/assignment2_publisher_subscriber_avd' with build type 'ament_python'
[0.213s] Level 1:colcon.colcon_core.shell:create_environment_hook('assignment2_publisher_subscriber_avd', 'ament_prefix_path')
[0.213s] INFO:colcon.colcon_core.shell:Creating environment hook '/home/zheng-yang/robotik-homework/install/assignment2_publisher_subscriber_avd/share/assignment2_publisher_subscriber_avd/hook/ament_prefix_path.ps1'
[0.214s] INFO:colcon.colcon_core.shell:Creating environment descriptor '/home/zheng-yang/robotik-homework/install/assignment2_publisher_subscriber_avd/share/assignment2_publisher_subscriber_avd/hook/ament_prefix_path.dsv'
[0.214s] INFO:colcon.colcon_core.shell:Creating environment hook '/home/zheng-yang/robotik-homework/install/assignment2_publisher_subscriber_avd/share/assignment2_publisher_subscriber_avd/hook/ament_prefix_path.sh'
[0.214s] INFO:colcon.colcon_core.shell:Skip shell extension 'powershell' for command environment: Not usable outside of PowerShell
[0.214s] DEBUG:colcon.colcon_core.shell:Skip shell extension 'dsv' for command environment
[0.215s] INFO:colcon.colcon_ros.task.ament_python.build:Building ROS package in '/home/zheng-yang/robotik-homework/src/assignment4_avd' with build type 'ament_python'
[0.215s] Level 1:colcon.colcon_core.shell:create_environment_hook('assignment4_avd', 'ament_prefix_path')
[0.216s] INFO:colcon.colcon_core.shell:Creating environment hook '/home/zheng-yang/robotik-homework/install/assignment4_avd/share/assignment4_avd/hook/ament_prefix_path.ps1'
[0.216s] INFO:colcon.colcon_core.shell:Creating environment descriptor '/home/zheng-yang/robotik-homework/install/assignment4_avd/share/assignment4_avd/hook/ament_prefix_path.dsv'
[0.217s] INFO:colcon.colcon_core.shell:Creating environment hook '/home/zheng-yang/robotik-homework/install/assignment4_avd/share/assignment4_avd/hook/ament_prefix_path.sh'
[0.217s] INFO:colcon.colcon_core.shell:Skip shell extension 'powershell' for command environment: Not usable outside of PowerShell
[0.217s] DEBUG:colcon.colcon_core.shell:Skip shell extension 'dsv' for command environment
[0.218s] INFO:colcon.colcon_ros.task.ament_python.build:Building ROS package in '/home/zheng-yang/robotik-homework/src/binary_image' with build type 'ament_python'
[0.218s] Level 1:colcon.colcon_core.shell:create_environment_hook('binary_image', 'ament_prefix_path')
[0.218s] INFO:colcon.colcon_core.shell:Creating environment hook '/home/zheng-yang/robotik-homework/install/binary_image/share/binary_image/hook/ament_prefix_path.ps1'
[0.218s] INFO:colcon.colcon_core.shell:Creating environment descriptor '/home/zheng-yang/robotik-homework/install/binary_image/share/binary_image/hook/ament_prefix_path.dsv'
[0.219s] INFO:colcon.colcon_core.shell:Creating environment hook '/home/zheng-yang/robotik-homework/install/binary_image/share/binary_image/hook/ament_prefix_path.sh'
[0.219s] INFO:colcon.colcon_core.shell:Skip shell extension 'powershell' for command environment: Not usable outside of PowerShell
[0.219s] DEBUG:colcon.colcon_core.shell:Skip shell extension 'dsv' for command environment
[0.220s] INFO:colcon.colcon_ros.task.ament_python.build:Building ROS package in '/home/zheng-yang/robotik-homework/src/camera_parameters' with build type 'ament_python'
[0.220s] Level 1:colcon.colcon_core.shell:create_environment_hook('camera_parameters', 'ament_prefix_path')
[0.220s] INFO:colcon.colcon_core.shell:Creating environment hook '/home/zheng-yang/robotik-homework/install/camera_parameters/share/camera_parameters/hook/ament_prefix_path.ps1'
[0.220s] INFO:colcon.colcon_core.shell:Creating environment descriptor '/home/zheng-yang/robotik-homework/install/camera_parameters/share/camera_parameters/hook/ament_prefix_path.dsv'
[0.221s] INFO:colcon.colcon_core.shell:Creating environment hook '/home/zheng-yang/robotik-homework/install/camera_parameters/share/camera_parameters/hook/ament_prefix_path.sh'
[0.221s] INFO:colcon.colcon_core.shell:Skip shell extension 'powershell' for command environment: Not usable outside of PowerShell
[0.221s] DEBUG:colcon.colcon_core.shell:Skip shell extension 'dsv' for command environment
[0.225s] DEBUG:colcon.colcon_core.event_handler.log_command:Invoking command in '/home/zheng-yang/robotik-homework/build/simple_drive_control': DEBUGINFOD_URLS=https://debuginfod.ubuntu.com /usr/bin/cmake /home/zheng-yang/robotik-homework/src/simple_drive_control -DCMAKE_C_COMPILER=clang -DCMAKE_CXX_COMPILER=clang++ -DAMENT_CMAKE_SYMLINK_INSTALL=1 -DCMAKE_INSTALL_PREFIX=/home/zheng-yang/robotik-homework/install/simple_drive_control
[0.403s] INFO:colcon.colcon_core.task.python.build:Building Python package in '/home/zheng-yang/robotik-homework/src/assignment2_publisher_subscriber'
[0.403s] INFO:colcon.colcon_core.shell:Skip shell extension 'powershell' for command environment: Not usable outside of PowerShell
[0.403s] DEBUG:colcon.colcon_core.shell:Skip shell extension 'dsv' for command environment
[0.590s] INFO:colcon.colcon_core.task.python.build:Building Python package in '/home/zheng-yang/robotik-homework/src/assignment2_publisher_subscriber_avd'
[0.590s] INFO:colcon.colcon_core.shell:Skip shell extension 'powershell' for command environment: Not usable outside of PowerShell
[0.590s] DEBUG:colcon.colcon_core.shell:Skip shell extension 'dsv' for command environment
[0.773s] INFO:colcon.colcon_core.task.python.build:Building Python package in '/home/zheng-yang/robotik-homework/src/assignment4_avd'
[0.773s] INFO:colcon.colcon_core.shell:Skip shell extension 'powershell' for command environment: Not usable outside of PowerShell
[0.773s] DEBUG:colcon.colcon_core.shell:Skip shell extension 'dsv' for command environment
[0.937s] INFO:colcon.colcon_core.task.python.build:Building Python package in '/home/zheng-yang/robotik-homework/src/binary_image'
[0.938s] INFO:colcon.colcon_core.shell:Skip shell extension 'powershell' for command environment: Not usable outside of PowerShell
[0.938s] DEBUG:colcon.colcon_core.shell:Skip shell extension 'dsv' for command environment
[1.098s] INFO:colcon.colcon_core.task.python.build:Building Python package in '/home/zheng-yang/robotik-homework/src/camera_parameters'
[1.098s] INFO:colcon.colcon_core.shell:Skip shell extension 'powershell' for command environment: Not usable outside of PowerShell
[1.098s] DEBUG:colcon.colcon_core.shell:Skip shell extension 'dsv' for command environment
[1.106s] DEBUG:colcon.colcon_core.event_handler.log_command:Invoked command in '/home/zheng-yang/robotik-homework/build/simple_drive_control' returned '1': DEBUGINFOD_URLS=https://debuginfod.ubuntu.com /usr/bin/cmake /home/zheng-yang/robotik-homework/src/simple_drive_control -DCMAKE_C_COMPILER=clang -DCMAKE_CXX_COMPILER=clang++ -DAMENT_CMAKE_SYMLINK_INSTALL=1 -DCMAKE_INSTALL_PREFIX=/home/zheng-yang/robotik-homework/install/simple_drive_control
[1.120s] Level 1:colcon.colcon_core.environment:create_environment_scripts_only(simple_drive_control)
[1.124s] Level 1:colcon.colcon_core.environment:checking '/home/zheng-yang/robotik-homework/install/simple_drive_control' for CMake module files
[1.125s] Level 1:colcon.colcon_core.environment:checking '/home/zheng-yang/robotik-homework/install/simple_drive_control' for CMake config files
[1.125s] Level 1:colcon.colcon_core.environment:checking '/home/zheng-yang/robotik-homework/install/simple_drive_control/bin'
[1.125s] Level 1:colcon.colcon_core.environment:checking '/home/zheng-yang/robotik-homework/install/simple_drive_control/lib/pkgconfig/simple_drive_control.pc'
[1.126s] Level 1:colcon.colcon_core.environment:checking '/home/zheng-yang/robotik-homework/install/simple_drive_control/lib/python3.12/site-packages'
[1.126s] Level 1:colcon.colcon_core.environment:checking '/home/zheng-yang/robotik-homework/install/simple_drive_control/bin'
[1.127s] INFO:colcon.colcon_core.shell:Creating package script '/home/zheng-yang/robotik-homework/install/simple_drive_control/share/simple_drive_control/package.ps1'
[1.128s] INFO:colcon.colcon_core.shell:Creating package descriptor '/home/zheng-yang/robotik-homework/install/simple_drive_control/share/simple_drive_control/package.dsv'
[1.128s] INFO:colcon.colcon_core.shell:Creating package script '/home/zheng-yang/robotik-homework/install/simple_drive_control/share/simple_drive_control/package.sh'
[1.130s] INFO:colcon.colcon_core.shell:Creating package script '/home/zheng-yang/robotik-homework/install/simple_drive_control/share/simple_drive_control/package.bash'
[1.131s] INFO:colcon.colcon_core.shell:Creating package script '/home/zheng-yang/robotik-homework/install/simple_drive_control/share/simple_drive_control/package.zsh'
[1.132s] Level 1:colcon.colcon_core.environment:create_file_with_runtime_dependencies(/home/zheng-yang/robotik-homework/install/simple_drive_control/share/colcon-core/packages/simple_drive_control)
[1.813s] DEBUG:colcon.colcon_parallel_executor.executor.parallel:closing loop
[1.813s] DEBUG:colcon.colcon_parallel_executor.executor.parallel:loop closed
[1.813s] DEBUG:colcon.colcon_parallel_executor.executor.parallel:run_until_complete finished with '1'
[1.813s] DEBUG:colcon.colcon_core.event_reactor:joining thread
[1.818s] INFO:colcon.colcon_core.plugin_system:Skipping extension 'colcon_notification.desktop_notification.terminal_notifier': Not used on non-Darwin systems
[1.818s] INFO:colcon.colcon_core.plugin_system:Skipping extension 'colcon_notification.desktop_notification.win32': Not used on non-Windows systems
[1.818s] INFO:colcon.colcon_notification.desktop_notification:Sending desktop notification using 'notify2'
[1.833s] DEBUG:colcon.colcon_core.event_reactor:joined thread
[1.833s] INFO:colcon.colcon_core.shell:Creating prefix script '/home/zheng-yang/robotik-homework/install/local_setup.ps1'
[1.834s] INFO:colcon.colcon_core.shell:Creating prefix util module '/home/zheng-yang/robotik-homework/install/_local_setup_util_ps1.py'
[1.835s] INFO:colcon.colcon_core.shell:Creating prefix chain script '/home/zheng-yang/robotik-homework/install/setup.ps1'
[1.836s] INFO:colcon.colcon_core.shell:Creating prefix script '/home/zheng-yang/robotik-homework/install/local_setup.sh'
[1.837s] INFO:colcon.colcon_core.shell:Creating prefix util module '/home/zheng-yang/robotik-homework/install/_local_setup_util_sh.py'
[1.838s] INFO:colcon.colcon_core.shell:Creating prefix chain script '/home/zheng-yang/robotik-homework/install/setup.sh'
[1.839s] INFO:colcon.colcon_core.shell:Creating prefix script '/home/zheng-yang/robotik-homework/install/local_setup.bash'
[1.839s] INFO:colcon.colcon_core.shell:Creating prefix chain script '/home/zheng-yang/robotik-homework/install/setup.bash'
[1.840s] INFO:colcon.colcon_core.shell:Creating prefix script '/home/zheng-yang/robotik-homework/install/local_setup.zsh'
[1.840s] INFO:colcon.colcon_core.shell:Creating prefix chain script '/home/zheng-yang/robotik-homework/install/setup.zsh'
