[0.553s] Invoking command in '/home/zheng-yang/robotik-homework/src/camera_parameters': DEBUGINFOD_URLS=https://debuginfod.ubuntu.com PYTHONPATH=/home/zheng-yang/robotik-homework/build/camera_parameters/prefix_override:/usr/lib/python3/dist-packages/colcon_core/task/python/colcon_distutils_commands:/home/zheng-yang/robotik-homework/install/camera_parameters/lib/python3.12/site-packages: /usr/bin/python3 -W ignore:setup.py install is deprecated -W ignore:easy_install command is deprecated setup.py egg_info --egg-base ../../build/camera_parameters build --build-base /home/zheng-yang/robotik-homework/build/camera_parameters/build install --record /home/zheng-yang/robotik-homework/build/camera_parameters/install.log --single-version-externally-managed install_data
[0.735s] running egg_info
[0.736s] creating ../../build/camera_parameters/camera_parameters.egg-info
[0.746s] writing ../../build/camera_parameters/camera_parameters.egg-info/PKG-INFO
[0.746s] writing dependency_links to ../../build/camera_parameters/camera_parameters.egg-info/dependency_links.txt
[0.746s] writing entry points to ../../build/camera_parameters/camera_parameters.egg-info/entry_points.txt
[0.746s] writing requirements to ../../build/camera_parameters/camera_parameters.egg-info/requires.txt
[0.747s] writing top-level names to ../../build/camera_parameters/camera_parameters.egg-info/top_level.txt
[0.747s] writing manifest file '../../build/camera_parameters/camera_parameters.egg-info/SOURCES.txt'
[0.768s] reading manifest file '../../build/camera_parameters/camera_parameters.egg-info/SOURCES.txt'
[0.768s] adding license file 'LICENSE'
[0.768s] writing manifest file '../../build/camera_parameters/camera_parameters.egg-info/SOURCES.txt'
[0.769s] running build
[0.769s] running build_py
[0.769s] creating /home/zheng-yang/robotik-homework/build/camera_parameters/build
[0.769s] creating /home/zheng-yang/robotik-homework/build/camera_parameters/build/lib
[0.769s] creating /home/zheng-yang/robotik-homework/build/camera_parameters/build/lib/camera_parameters
[0.769s] copying camera_parameters/parameters.py -> /home/zheng-yang/robotik-homework/build/camera_parameters/build/lib/camera_parameters
[0.775s] copying camera_parameters/__init__.py -> /home/zheng-yang/robotik-homework/build/camera_parameters/build/lib/camera_parameters
[0.776s] running install
[0.781s] running install_lib
[0.792s] creating /home/zheng-yang/robotik-homework/install/camera_parameters/lib/python3.12/site-packages/camera_parameters
[0.792s] copying /home/zheng-yang/robotik-homework/build/camera_parameters/build/lib/camera_parameters/parameters.py -> /home/zheng-yang/robotik-homework/install/camera_parameters/lib/python3.12/site-packages/camera_parameters
[0.792s] copying /home/zheng-yang/robotik-homework/build/camera_parameters/build/lib/camera_parameters/__init__.py -> /home/zheng-yang/robotik-homework/install/camera_parameters/lib/python3.12/site-packages/camera_parameters
[0.793s] byte-compiling /home/zheng-yang/robotik-homework/install/camera_parameters/lib/python3.12/site-packages/camera_parameters/parameters.py to parameters.cpython-312.pyc
[0.793s] byte-compiling /home/zheng-yang/robotik-homework/install/camera_parameters/lib/python3.12/site-packages/camera_parameters/__init__.py to __init__.cpython-312.pyc
[0.794s] running install_data
[0.794s] creating /home/zheng-yang/robotik-homework/install/camera_parameters/share/ament_index
[0.794s] creating /home/zheng-yang/robotik-homework/install/camera_parameters/share/ament_index/resource_index
[0.794s] creating /home/zheng-yang/robotik-homework/install/camera_parameters/share/ament_index/resource_index/packages
[0.794s] copying resource/camera_parameters -> /home/zheng-yang/robotik-homework/install/camera_parameters/share/ament_index/resource_index/packages
[0.794s] copying package.xml -> /home/zheng-yang/robotik-homework/install/camera_parameters/share/camera_parameters
[0.794s] running install_egg_info
[0.806s] Copying ../../build/camera_parameters/camera_parameters.egg-info to /home/zheng-yang/robotik-homework/install/camera_parameters/lib/python3.12/site-packages/camera_parameters-0.0.0-py3.12.egg-info
[0.807s] running install_scripts
[0.891s] Installing subscriber script to /home/zheng-yang/robotik-homework/install/camera_parameters/lib/camera_parameters
[0.891s] writing list of installed files to '/home/zheng-yang/robotik-homework/build/camera_parameters/install.log'
[0.920s] Invoked command in '/home/zheng-yang/robotik-homework/src/camera_parameters' returned '0': DEBUGINFOD_URLS=https://debuginfod.ubuntu.com PYTHONPATH=/home/zheng-yang/robotik-homework/build/camera_parameters/prefix_override:/usr/lib/python3/dist-packages/colcon_core/task/python/colcon_distutils_commands:/home/zheng-yang/robotik-homework/install/camera_parameters/lib/python3.12/site-packages: /usr/bin/python3 -W ignore:setup.py install is deprecated -W ignore:easy_install command is deprecated setup.py egg_info --egg-base ../../build/camera_parameters build --build-base /home/zheng-yang/robotik-homework/build/camera_parameters/build install --record /home/zheng-yang/robotik-homework/build/camera_parameters/install.log --single-version-externally-managed install_data
