[0.130s] DEBUG:colcon:Command line arguments: ['/usr/bin/colcon', 'build', '--packages-select', 'assignment2_publisher_subscriber_avd']
[0.130s] DEBUG:colcon:Parsed command line arguments: Namespace(log_base=None, log_level=None, verb_name='build', build_base='build', install_base='install', merge_install=False, symlink_install=False, test_result_base=None, continue_on_error=False, executor='parallel', parallel_workers=8, event_handlers=None, ignore_user_meta=False, metas=['./colcon.meta'], base_paths=['.'], packages_ignore=None, packages_ignore_regex=None, paths=None, packages_up_to=None, packages_up_to_regex=None, packages_above=None, packages_above_and_dependencies=None, packages_above_depth=None, packages_select_by_dep=None, packages_skip_by_dep=None, packages_skip_up_to=None, packages_select_build_failed=False, packages_skip_build_finished=False, packages_select_test_failures=False, packages_skip_test_passed=False, packages_select=['assignment2_publisher_subscriber_avd'], packages_skip=None, packages_select_regex=None, packages_skip_regex=None, packages_start=None, packages_end=None, allow_overriding=[], cmake_args=None, cmake_target=None, cmake_target_skip_unavailable=False, cmake_clean_cache=False, cmake_clean_first=False, cmake_force_configure=False, ament_cmake_args=None, catkin_cmake_args=None, catkin_skip_building_tests=False, mixin_files=None, mixin=None, verb_parser=<colcon_mixin.mixin.mixin_argument.MixinArgumentDecorator object at 0x79df511980b0>, verb_extension=<colcon_core.verb.build.BuildVerb object at 0x79df512b4350>, main=<bound method BuildVerb.main of <colcon_core.verb.build.BuildVerb object at 0x79df512b4350>>, mixin_verb=('build',))
[0.169s] Level 1:colcon.colcon_core.package_discovery:discover_packages(colcon_meta) check parameters
[0.169s] Level 1:colcon.colcon_core.package_discovery:discover_packages(recursive) check parameters
[0.169s] Level 1:colcon.colcon_core.package_discovery:discover_packages(ignore) check parameters
[0.169s] Level 1:colcon.colcon_core.package_discovery:discover_packages(path) check parameters
[0.169s] Level 1:colcon.colcon_core.package_discovery:discover_packages(colcon_meta) discover
[0.170s] Level 1:colcon.colcon_core.package_discovery:discover_packages(recursive) discover
[0.170s] INFO:colcon.colcon_core.package_discovery:Crawling recursively for packages in '/home/zheng-yang/robotik-homework'
[0.170s] Level 1:colcon.colcon_core.package_identification:_identify(.) by extensions ['ignore', 'ignore_ament_install']
[0.170s] Level 1:colcon.colcon_core.package_identification:_identify(.) by extension 'ignore'
[0.170s] Level 1:colcon.colcon_core.package_identification:_identify(.) by extension 'ignore_ament_install'
[0.170s] Level 1:colcon.colcon_core.package_identification:_identify(.) by extensions ['colcon_pkg']
[0.170s] Level 1:colcon.colcon_core.package_identification:_identify(.) by extension 'colcon_pkg'
[0.170s] Level 1:colcon.colcon_core.package_identification:_identify(.) by extensions ['colcon_meta']
[0.170s] Level 1:colcon.colcon_core.package_identification:_identify(.) by extension 'colcon_meta'
[0.170s] Level 1:colcon.colcon_core.package_identification:_identify(.) by extensions ['ros']
[0.170s] Level 1:colcon.colcon_core.package_identification:_identify(.) by extension 'ros'
[0.197s] Level 1:colcon.colcon_core.package_identification:_identify(.) by extensions ['cmake', 'python']
[0.198s] Level 1:colcon.colcon_core.package_identification:_identify(.) by extension 'cmake'
[0.198s] Level 1:colcon.colcon_core.package_identification:_identify(.) by extension 'python'
[0.198s] Level 1:colcon.colcon_core.package_identification:_identify(.) by extensions ['python_setup_py']
[0.198s] Level 1:colcon.colcon_core.package_identification:_identify(.) by extension 'python_setup_py'
[0.198s] Level 1:colcon.colcon_core.package_identification:_identify(bag_files) by extensions ['ignore', 'ignore_ament_install']
[0.198s] Level 1:colcon.colcon_core.package_identification:_identify(bag_files) by extension 'ignore'
[0.198s] Level 1:colcon.colcon_core.package_identification:_identify(bag_files) by extension 'ignore_ament_install'
[0.198s] Level 1:colcon.colcon_core.package_identification:_identify(bag_files) by extensions ['colcon_pkg']
[0.198s] Level 1:colcon.colcon_core.package_identification:_identify(bag_files) by extension 'colcon_pkg'
[0.198s] Level 1:colcon.colcon_core.package_identification:_identify(bag_files) by extensions ['colcon_meta']
[0.198s] Level 1:colcon.colcon_core.package_identification:_identify(bag_files) by extension 'colcon_meta'
[0.198s] Level 1:colcon.colcon_core.package_identification:_identify(bag_files) by extensions ['ros']
[0.198s] Level 1:colcon.colcon_core.package_identification:_identify(bag_files) by extension 'ros'
[0.198s] Level 1:colcon.colcon_core.package_identification:_identify(bag_files) by extensions ['cmake', 'python']
[0.198s] Level 1:colcon.colcon_core.package_identification:_identify(bag_files) by extension 'cmake'
[0.198s] Level 1:colcon.colcon_core.package_identification:_identify(bag_files) by extension 'python'
[0.198s] Level 1:colcon.colcon_core.package_identification:_identify(bag_files) by extensions ['python_setup_py']
[0.199s] Level 1:colcon.colcon_core.package_identification:_identify(bag_files) by extension 'python_setup_py'
[0.200s] Level 1:colcon.colcon_core.package_identification:_identify(bag_files/calibration) by extensions ['ignore', 'ignore_ament_install']
[0.200s] Level 1:colcon.colcon_core.package_identification:_identify(bag_files/calibration) by extension 'ignore'
[0.200s] Level 1:colcon.colcon_core.package_identification:_identify(bag_files/calibration) by extension 'ignore_ament_install'
[0.200s] Level 1:colcon.colcon_core.package_identification:_identify(bag_files/calibration) by extensions ['colcon_pkg']
[0.200s] Level 1:colcon.colcon_core.package_identification:_identify(bag_files/calibration) by extension 'colcon_pkg'
[0.200s] Level 1:colcon.colcon_core.package_identification:_identify(bag_files/calibration) by extensions ['colcon_meta']
[0.200s] Level 1:colcon.colcon_core.package_identification:_identify(bag_files/calibration) by extension 'colcon_meta'
[0.200s] Level 1:colcon.colcon_core.package_identification:_identify(bag_files/calibration) by extensions ['ros']
[0.200s] Level 1:colcon.colcon_core.package_identification:_identify(bag_files/calibration) by extension 'ros'
[0.200s] Level 1:colcon.colcon_core.package_identification:_identify(bag_files/calibration) by extensions ['cmake', 'python']
[0.200s] Level 1:colcon.colcon_core.package_identification:_identify(bag_files/calibration) by extension 'cmake'
[0.200s] Level 1:colcon.colcon_core.package_identification:_identify(bag_files/calibration) by extension 'python'
[0.200s] Level 1:colcon.colcon_core.package_identification:_identify(bag_files/calibration) by extensions ['python_setup_py']
[0.200s] Level 1:colcon.colcon_core.package_identification:_identify(bag_files/calibration) by extension 'python_setup_py'
[0.201s] Level 1:colcon.colcon_core.package_identification:_identify(build) by extensions ['ignore', 'ignore_ament_install']
[0.201s] Level 1:colcon.colcon_core.package_identification:_identify(build) by extension 'ignore'
[0.201s] Level 1:colcon.colcon_core.package_identification:_identify(build) ignored
[0.201s] Level 1:colcon.colcon_core.package_identification:_identify(install) by extensions ['ignore', 'ignore_ament_install']
[0.201s] Level 1:colcon.colcon_core.package_identification:_identify(install) by extension 'ignore'
[0.201s] Level 1:colcon.colcon_core.package_identification:_identify(install) ignored
[0.201s] Level 1:colcon.colcon_core.package_identification:_identify(log) by extensions ['ignore', 'ignore_ament_install']
[0.201s] Level 1:colcon.colcon_core.package_identification:_identify(log) by extension 'ignore'
[0.201s] Level 1:colcon.colcon_core.package_identification:_identify(log) ignored
[0.201s] Level 1:colcon.colcon_core.package_identification:_identify(src) by extensions ['ignore', 'ignore_ament_install']
[0.201s] Level 1:colcon.colcon_core.package_identification:_identify(src) by extension 'ignore'
[0.201s] Level 1:colcon.colcon_core.package_identification:_identify(src) by extension 'ignore_ament_install'
[0.201s] Level 1:colcon.colcon_core.package_identification:_identify(src) by extensions ['colcon_pkg']
[0.201s] Level 1:colcon.colcon_core.package_identification:_identify(src) by extension 'colcon_pkg'
[0.201s] Level 1:colcon.colcon_core.package_identification:_identify(src) by extensions ['colcon_meta']
[0.202s] Level 1:colcon.colcon_core.package_identification:_identify(src) by extension 'colcon_meta'
[0.202s] Level 1:colcon.colcon_core.package_identification:_identify(src) by extensions ['ros']
[0.202s] Level 1:colcon.colcon_core.package_identification:_identify(src) by extension 'ros'
[0.202s] Level 1:colcon.colcon_core.package_identification:_identify(src) by extensions ['cmake', 'python']
[0.202s] Level 1:colcon.colcon_core.package_identification:_identify(src) by extension 'cmake'
[0.202s] Level 1:colcon.colcon_core.package_identification:_identify(src) by extension 'python'
[0.202s] Level 1:colcon.colcon_core.package_identification:_identify(src) by extensions ['python_setup_py']
[0.202s] Level 1:colcon.colcon_core.package_identification:_identify(src) by extension 'python_setup_py'
[0.202s] Level 1:colcon.colcon_core.package_identification:_identify(src/assignment2_publisher_subscriber) by extensions ['ignore', 'ignore_ament_install']
[0.202s] Level 1:colcon.colcon_core.package_identification:_identify(src/assignment2_publisher_subscriber) by extension 'ignore'
[0.202s] Level 1:colcon.colcon_core.package_identification:_identify(src/assignment2_publisher_subscriber) by extension 'ignore_ament_install'
[0.202s] Level 1:colcon.colcon_core.package_identification:_identify(src/assignment2_publisher_subscriber) by extensions ['colcon_pkg']
[0.202s] Level 1:colcon.colcon_core.package_identification:_identify(src/assignment2_publisher_subscriber) by extension 'colcon_pkg'
[0.202s] Level 1:colcon.colcon_core.package_identification:_identify(src/assignment2_publisher_subscriber) by extensions ['colcon_meta']
[0.202s] Level 1:colcon.colcon_core.package_identification:_identify(src/assignment2_publisher_subscriber) by extension 'colcon_meta'
[0.202s] Level 1:colcon.colcon_core.package_identification:_identify(src/assignment2_publisher_subscriber) by extensions ['ros']
[0.202s] Level 1:colcon.colcon_core.package_identification:_identify(src/assignment2_publisher_subscriber) by extension 'ros'
[0.205s] DEBUG:colcon.colcon_core.package_identification:Package 'src/assignment2_publisher_subscriber' with type 'ros.ament_python' and name 'assignment2_publisher_subscriber'
[0.205s] Level 1:colcon.colcon_core.package_identification:_identify(src/assignment2_publisher_subscriber_avd) by extensions ['ignore', 'ignore_ament_install']
[0.205s] Level 1:colcon.colcon_core.package_identification:_identify(src/assignment2_publisher_subscriber_avd) by extension 'ignore'
[0.205s] Level 1:colcon.colcon_core.package_identification:_identify(src/assignment2_publisher_subscriber_avd) by extension 'ignore_ament_install'
[0.205s] Level 1:colcon.colcon_core.package_identification:_identify(src/assignment2_publisher_subscriber_avd) by extensions ['colcon_pkg']
[0.205s] Level 1:colcon.colcon_core.package_identification:_identify(src/assignment2_publisher_subscriber_avd) by extension 'colcon_pkg'
[0.205s] Level 1:colcon.colcon_core.package_identification:_identify(src/assignment2_publisher_subscriber_avd) by extensions ['colcon_meta']
[0.205s] Level 1:colcon.colcon_core.package_identification:_identify(src/assignment2_publisher_subscriber_avd) by extension 'colcon_meta'
[0.205s] Level 1:colcon.colcon_core.package_identification:_identify(src/assignment2_publisher_subscriber_avd) by extensions ['ros']
[0.205s] Level 1:colcon.colcon_core.package_identification:_identify(src/assignment2_publisher_subscriber_avd) by extension 'ros'
[0.206s] DEBUG:colcon.colcon_core.package_identification:Package 'src/assignment2_publisher_subscriber_avd' with type 'ros.ament_python' and name 'assignment2_publisher_subscriber_avd'
[0.206s] Level 1:colcon.colcon_core.package_identification:_identify(src/assignment4_avd) by extensions ['ignore', 'ignore_ament_install']
[0.206s] Level 1:colcon.colcon_core.package_identification:_identify(src/assignment4_avd) by extension 'ignore'
[0.206s] Level 1:colcon.colcon_core.package_identification:_identify(src/assignment4_avd) by extension 'ignore_ament_install'
[0.206s] Level 1:colcon.colcon_core.package_identification:_identify(src/assignment4_avd) by extensions ['colcon_pkg']
[0.206s] Level 1:colcon.colcon_core.package_identification:_identify(src/assignment4_avd) by extension 'colcon_pkg'
[0.207s] Level 1:colcon.colcon_core.package_identification:_identify(src/assignment4_avd) by extensions ['colcon_meta']
[0.207s] Level 1:colcon.colcon_core.package_identification:_identify(src/assignment4_avd) by extension 'colcon_meta'
[0.207s] Level 1:colcon.colcon_core.package_identification:_identify(src/assignment4_avd) by extensions ['ros']
[0.207s] Level 1:colcon.colcon_core.package_identification:_identify(src/assignment4_avd) by extension 'ros'
[0.207s] DEBUG:colcon.colcon_core.package_identification:Package 'src/assignment4_avd' with type 'ros.ament_python' and name 'assignment4_avd'
[0.207s] Level 1:colcon.colcon_core.package_identification:_identify(src/binary_image) by extensions ['ignore', 'ignore_ament_install']
[0.208s] Level 1:colcon.colcon_core.package_identification:_identify(src/binary_image) by extension 'ignore'
[0.208s] Level 1:colcon.colcon_core.package_identification:_identify(src/binary_image) by extension 'ignore_ament_install'
[0.208s] Level 1:colcon.colcon_core.package_identification:_identify(src/binary_image) by extensions ['colcon_pkg']
[0.208s] Level 1:colcon.colcon_core.package_identification:_identify(src/binary_image) by extension 'colcon_pkg'
[0.208s] Level 1:colcon.colcon_core.package_identification:_identify(src/binary_image) by extensions ['colcon_meta']
[0.208s] Level 1:colcon.colcon_core.package_identification:_identify(src/binary_image) by extension 'colcon_meta'
[0.208s] Level 1:colcon.colcon_core.package_identification:_identify(src/binary_image) by extensions ['ros']
[0.208s] Level 1:colcon.colcon_core.package_identification:_identify(src/binary_image) by extension 'ros'
[0.208s] DEBUG:colcon.colcon_core.package_identification:Package 'src/binary_image' with type 'ros.ament_python' and name 'binary_image'
[0.209s] Level 1:colcon.colcon_core.package_identification:_identify(src/camera_parameters) by extensions ['ignore', 'ignore_ament_install']
[0.209s] Level 1:colcon.colcon_core.package_identification:_identify(src/camera_parameters) by extension 'ignore'
[0.209s] Level 1:colcon.colcon_core.package_identification:_identify(src/camera_parameters) by extension 'ignore_ament_install'
[0.209s] Level 1:colcon.colcon_core.package_identification:_identify(src/camera_parameters) by extensions ['colcon_pkg']
[0.209s] Level 1:colcon.colcon_core.package_identification:_identify(src/camera_parameters) by extension 'colcon_pkg'
[0.209s] Level 1:colcon.colcon_core.package_identification:_identify(src/camera_parameters) by extensions ['colcon_meta']
[0.209s] Level 1:colcon.colcon_core.package_identification:_identify(src/camera_parameters) by extension 'colcon_meta'
[0.209s] Level 1:colcon.colcon_core.package_identification:_identify(src/camera_parameters) by extensions ['ros']
[0.209s] Level 1:colcon.colcon_core.package_identification:_identify(src/camera_parameters) by extension 'ros'
[0.209s] DEBUG:colcon.colcon_core.package_identification:Package 'src/camera_parameters' with type 'ros.ament_python' and name 'camera_parameters'
[0.210s] Level 1:colcon.colcon_core.package_identification:_identify(src/odometry) by extensions ['ignore', 'ignore_ament_install']
[0.210s] Level 1:colcon.colcon_core.package_identification:_identify(src/odometry) by extension 'ignore'
[0.210s] Level 1:colcon.colcon_core.package_identification:_identify(src/odometry) by extension 'ignore_ament_install'
[0.210s] Level 1:colcon.colcon_core.package_identification:_identify(src/odometry) by extensions ['colcon_pkg']
[0.210s] Level 1:colcon.colcon_core.package_identification:_identify(src/odometry) by extension 'colcon_pkg'
[0.210s] Level 1:colcon.colcon_core.package_identification:_identify(src/odometry) by extensions ['colcon_meta']
[0.210s] Level 1:colcon.colcon_core.package_identification:_identify(src/odometry) by extension 'colcon_meta'
[0.210s] Level 1:colcon.colcon_core.package_identification:_identify(src/odometry) by extensions ['ros']
[0.210s] Level 1:colcon.colcon_core.package_identification:_identify(src/odometry) by extension 'ros'
[0.211s] DEBUG:colcon.colcon_core.package_identification:Package 'src/odometry' with type 'ros.ament_python' and name 'odometry'
[0.211s] Level 1:colcon.colcon_core.package_identification:_identify(src/simple_drive_control) by extensions ['ignore', 'ignore_ament_install']
[0.211s] Level 1:colcon.colcon_core.package_identification:_identify(src/simple_drive_control) by extension 'ignore'
[0.211s] Level 1:colcon.colcon_core.package_identification:_identify(src/simple_drive_control) by extension 'ignore_ament_install'
[0.211s] Level 1:colcon.colcon_core.package_identification:_identify(src/simple_drive_control) by extensions ['colcon_pkg']
[0.211s] Level 1:colcon.colcon_core.package_identification:_identify(src/simple_drive_control) by extension 'colcon_pkg'
[0.211s] Level 1:colcon.colcon_core.package_identification:_identify(src/simple_drive_control) by extensions ['colcon_meta']
[0.211s] Level 1:colcon.colcon_core.package_identification:_identify(src/simple_drive_control) by extension 'colcon_meta'
[0.211s] Level 1:colcon.colcon_core.package_identification:_identify(src/simple_drive_control) by extensions ['ros']
[0.211s] Level 1:colcon.colcon_core.package_identification:_identify(src/simple_drive_control) by extension 'ros'
[0.212s] DEBUG:colcon.colcon_core.package_identification:Package 'src/simple_drive_control' with type 'ros.ament_cmake' and name 'simple_drive_control'
[0.212s] Level 1:colcon.colcon_core.package_identification:_identify(src/simple_parking_maneuver) by extensions ['ignore', 'ignore_ament_install']
[0.212s] Level 1:colcon.colcon_core.package_identification:_identify(src/simple_parking_maneuver) by extension 'ignore'
[0.212s] Level 1:colcon.colcon_core.package_identification:_identify(src/simple_parking_maneuver) by extension 'ignore_ament_install'
[0.212s] Level 1:colcon.colcon_core.package_identification:_identify(src/simple_parking_maneuver) by extensions ['colcon_pkg']
[0.212s] Level 1:colcon.colcon_core.package_identification:_identify(src/simple_parking_maneuver) by extension 'colcon_pkg'
[0.212s] Level 1:colcon.colcon_core.package_identification:_identify(src/simple_parking_maneuver) by extensions ['colcon_meta']
[0.212s] Level 1:colcon.colcon_core.package_identification:_identify(src/simple_parking_maneuver) by extension 'colcon_meta'
[0.212s] Level 1:colcon.colcon_core.package_identification:_identify(src/simple_parking_maneuver) by extensions ['ros']
[0.212s] Level 1:colcon.colcon_core.package_identification:_identify(src/simple_parking_maneuver) by extension 'ros'
[0.213s] DEBUG:colcon.colcon_core.package_identification:Package 'src/simple_parking_maneuver' with type 'ros.ament_cmake' and name 'simple_parking_maneuver'
[0.213s] Level 1:colcon.colcon_core.package_identification:_identify(src/simple_parking_maneuver_avd) by extensions ['ignore', 'ignore_ament_install']
[0.213s] Level 1:colcon.colcon_core.package_identification:_identify(src/simple_parking_maneuver_avd) by extension 'ignore'
[0.213s] Level 1:colcon.colcon_core.package_identification:_identify(src/simple_parking_maneuver_avd) by extension 'ignore_ament_install'
[0.213s] Level 1:colcon.colcon_core.package_identification:_identify(src/simple_parking_maneuver_avd) by extensions ['colcon_pkg']
[0.213s] Level 1:colcon.colcon_core.package_identification:_identify(src/simple_parking_maneuver_avd) by extension 'colcon_pkg'
[0.213s] Level 1:colcon.colcon_core.package_identification:_identify(src/simple_parking_maneuver_avd) by extensions ['colcon_meta']
[0.213s] Level 1:colcon.colcon_core.package_identification:_identify(src/simple_parking_maneuver_avd) by extension 'colcon_meta'
[0.213s] Level 1:colcon.colcon_core.package_identification:_identify(src/simple_parking_maneuver_avd) by extensions ['ros']
[0.213s] Level 1:colcon.colcon_core.package_identification:_identify(src/simple_parking_maneuver_avd) by extension 'ros'
[0.214s] DEBUG:colcon.colcon_core.package_identification:Package 'src/simple_parking_maneuver_avd' with type 'ros.ament_cmake' and name 'simple_parking_maneuver_avd'
[0.214s] Level 1:colcon.colcon_core.package_identification:_identify(src/ticks) by extensions ['ignore', 'ignore_ament_install']
[0.214s] Level 1:colcon.colcon_core.package_identification:_identify(src/ticks) by extension 'ignore'
[0.215s] Level 1:colcon.colcon_core.package_identification:_identify(src/ticks) by extension 'ignore_ament_install'
[0.215s] Level 1:colcon.colcon_core.package_identification:_identify(src/ticks) by extensions ['colcon_pkg']
[0.215s] Level 1:colcon.colcon_core.package_identification:_identify(src/ticks) by extension 'colcon_pkg'
[0.215s] Level 1:colcon.colcon_core.package_identification:_identify(src/ticks) by extensions ['colcon_meta']
[0.215s] Level 1:colcon.colcon_core.package_identification:_identify(src/ticks) by extension 'colcon_meta'
[0.215s] Level 1:colcon.colcon_core.package_identification:_identify(src/ticks) by extensions ['ros']
[0.215s] Level 1:colcon.colcon_core.package_identification:_identify(src/ticks) by extension 'ros'
[0.216s] DEBUG:colcon.colcon_core.package_identification:Package 'src/ticks' with type 'ros.ament_python' and name 'ticks'
[0.216s] Level 1:colcon.colcon_core.package_identification:_identify(src/wheel_speed) by extensions ['ignore', 'ignore_ament_install']
[0.216s] Level 1:colcon.colcon_core.package_identification:_identify(src/wheel_speed) by extension 'ignore'
[0.216s] Level 1:colcon.colcon_core.package_identification:_identify(src/wheel_speed) by extension 'ignore_ament_install'
[0.216s] Level 1:colcon.colcon_core.package_identification:_identify(src/wheel_speed) by extensions ['colcon_pkg']
[0.216s] Level 1:colcon.colcon_core.package_identification:_identify(src/wheel_speed) by extension 'colcon_pkg'
[0.216s] Level 1:colcon.colcon_core.package_identification:_identify(src/wheel_speed) by extensions ['colcon_meta']
[0.216s] Level 1:colcon.colcon_core.package_identification:_identify(src/wheel_speed) by extension 'colcon_meta'
[0.216s] Level 1:colcon.colcon_core.package_identification:_identify(src/wheel_speed) by extensions ['ros']
[0.216s] Level 1:colcon.colcon_core.package_identification:_identify(src/wheel_speed) by extension 'ros'
[0.217s] DEBUG:colcon.colcon_core.package_identification:Package 'src/wheel_speed' with type 'ros.ament_python' and name 'wheel_speed'
[0.217s] Level 1:colcon.colcon_core.package_discovery:discover_packages(recursive) using defaults
[0.217s] Level 1:colcon.colcon_core.package_discovery:discover_packages(ignore) discover
[0.217s] Level 1:colcon.colcon_core.package_discovery:discover_packages(ignore) using defaults
[0.217s] Level 1:colcon.colcon_core.package_discovery:discover_packages(path) discover
[0.217s] Level 1:colcon.colcon_core.package_discovery:discover_packages(path) using defaults
[0.238s] INFO:colcon.colcon_core.package_selection:Skipping not selected package 'assignment2_publisher_subscriber' in 'src/assignment2_publisher_subscriber'
[0.238s] INFO:colcon.colcon_core.package_selection:Skipping not selected package 'assignment4_avd' in 'src/assignment4_avd'
[0.238s] INFO:colcon.colcon_core.package_selection:Skipping not selected package 'binary_image' in 'src/binary_image'
[0.238s] INFO:colcon.colcon_core.package_selection:Skipping not selected package 'camera_parameters' in 'src/camera_parameters'
[0.238s] INFO:colcon.colcon_core.package_selection:Skipping not selected package 'odometry' in 'src/odometry'
[0.238s] INFO:colcon.colcon_core.package_selection:Skipping not selected package 'simple_drive_control' in 'src/simple_drive_control'
[0.238s] INFO:colcon.colcon_core.package_selection:Skipping not selected package 'ticks' in 'src/ticks'
[0.238s] INFO:colcon.colcon_core.package_selection:Skipping not selected package 'wheel_speed' in 'src/wheel_speed'
[0.238s] INFO:colcon.colcon_core.package_selection:Skipping not selected package 'simple_parking_maneuver' in 'src/simple_parking_maneuver'
[0.238s] INFO:colcon.colcon_core.package_selection:Skipping not selected package 'simple_parking_maneuver_avd' in 'src/simple_parking_maneuver_avd'
[0.238s] Level 1:colcon.colcon_core.package_discovery:discover_packages(prefix_path) check parameters
[0.238s] Level 1:colcon.colcon_core.package_discovery:discover_packages(prefix_path) discover
[0.240s] DEBUG:colcon.colcon_installed_package_information.package_discovery:Found 2 installed packages in /home/zheng-yang/ros2_ws/install
[0.242s] DEBUG:colcon.colcon_installed_package_information.package_discovery:Found 375 installed packages in /opt/ros/jazzy
[0.243s] Level 1:colcon.colcon_core.package_discovery:discover_packages(prefix_path) using defaults
[0.302s] Level 5:colcon.colcon_core.verb:set package 'assignment2_publisher_subscriber_avd' build argument 'cmake_args' from command line to 'None'
[0.302s] Level 5:colcon.colcon_core.verb:set package 'assignment2_publisher_subscriber_avd' build argument 'cmake_target' from command line to 'None'
[0.302s] Level 5:colcon.colcon_core.verb:set package 'assignment2_publisher_subscriber_avd' build argument 'cmake_target_skip_unavailable' from command line to 'False'
[0.302s] Level 5:colcon.colcon_core.verb:set package 'assignment2_publisher_subscriber_avd' build argument 'cmake_clean_cache' from command line to 'False'
[0.302s] Level 5:colcon.colcon_core.verb:set package 'assignment2_publisher_subscriber_avd' build argument 'cmake_clean_first' from command line to 'False'
[0.302s] Level 5:colcon.colcon_core.verb:set package 'assignment2_publisher_subscriber_avd' build argument 'cmake_force_configure' from command line to 'False'
[0.302s] Level 5:colcon.colcon_core.verb:set package 'assignment2_publisher_subscriber_avd' build argument 'ament_cmake_args' from command line to 'None'
[0.302s] Level 5:colcon.colcon_core.verb:set package 'assignment2_publisher_subscriber_avd' build argument 'catkin_cmake_args' from command line to 'None'
[0.302s] Level 5:colcon.colcon_core.verb:set package 'assignment2_publisher_subscriber_avd' build argument 'catkin_skip_building_tests' from command line to 'False'
[0.302s] DEBUG:colcon.colcon_core.verb:Building package 'assignment2_publisher_subscriber_avd' with the following arguments: {'ament_cmake_args': None, 'build_base': '/home/zheng-yang/robotik-homework/build/assignment2_publisher_subscriber_avd', 'catkin_cmake_args': None, 'catkin_skip_building_tests': False, 'cmake_args': None, 'cmake_clean_cache': False, 'cmake_clean_first': False, 'cmake_force_configure': False, 'cmake_target': None, 'cmake_target_skip_unavailable': False, 'install_base': '/home/zheng-yang/robotik-homework/install/assignment2_publisher_subscriber_avd', 'merge_install': False, 'path': '/home/zheng-yang/robotik-homework/src/assignment2_publisher_subscriber_avd', 'symlink_install': False, 'test_result_base': None}
[0.302s] INFO:colcon.colcon_core.executor:Executing jobs using 'parallel' executor
[0.303s] DEBUG:colcon.colcon_parallel_executor.executor.parallel:run_until_complete
[0.304s] INFO:colcon.colcon_ros.task.ament_python.build:Building ROS package in '/home/zheng-yang/robotik-homework/src/assignment2_publisher_subscriber_avd' with build type 'ament_python'
[0.304s] Level 1:colcon.colcon_core.shell:create_environment_hook('assignment2_publisher_subscriber_avd', 'ament_prefix_path')
[0.306s] INFO:colcon.colcon_core.plugin_system:Skipping extension 'colcon_core.shell.bat': Not used on non-Windows systems
[0.307s] INFO:colcon.colcon_core.shell:Creating environment hook '/home/zheng-yang/robotik-homework/install/assignment2_publisher_subscriber_avd/share/assignment2_publisher_subscriber_avd/hook/ament_prefix_path.ps1'
[0.309s] INFO:colcon.colcon_core.shell:Creating environment descriptor '/home/zheng-yang/robotik-homework/install/assignment2_publisher_subscriber_avd/share/assignment2_publisher_subscriber_avd/hook/ament_prefix_path.dsv'
[0.310s] INFO:colcon.colcon_core.shell:Creating environment hook '/home/zheng-yang/robotik-homework/install/assignment2_publisher_subscriber_avd/share/assignment2_publisher_subscriber_avd/hook/ament_prefix_path.sh'
[0.311s] INFO:colcon.colcon_core.shell:Skip shell extension 'powershell' for command environment: Not usable outside of PowerShell
[0.311s] DEBUG:colcon.colcon_core.shell:Skip shell extension 'dsv' for command environment
[0.615s] INFO:colcon.colcon_core.task.python.build:Building Python package in '/home/zheng-yang/robotik-homework/src/assignment2_publisher_subscriber_avd'
[0.615s] INFO:colcon.colcon_core.shell:Skip shell extension 'powershell' for command environment: Not usable outside of PowerShell
[0.615s] DEBUG:colcon.colcon_core.shell:Skip shell extension 'dsv' for command environment
[1.351s] DEBUG:colcon.colcon_core.event_handler.log_command:Invoking command in '/home/zheng-yang/robotik-homework/src/assignment2_publisher_subscriber_avd': DEBUGINFOD_URLS=https://debuginfod.ubuntu.com PYTHONPATH=/home/zheng-yang/robotik-homework/build/assignment2_publisher_subscriber_avd/prefix_override:/usr/lib/python3/dist-packages/colcon_core/task/python/colcon_distutils_commands:/home/zheng-yang/robotik-homework/install/assignment2_publisher_subscriber_avd/lib/python3.12/site-packages:${PYTHONPATH} /usr/bin/python3 -W ignore:setup.py install is deprecated -W ignore:easy_install command is deprecated setup.py egg_info --egg-base ../../build/assignment2_publisher_subscriber_avd build --build-base /home/zheng-yang/robotik-homework/build/assignment2_publisher_subscriber_avd/build install --record /home/zheng-yang/robotik-homework/build/assignment2_publisher_subscriber_avd/install.log --single-version-externally-managed install_data
[2.112s] DEBUG:colcon.colcon_core.event_handler.log_command:Invoked command in '/home/zheng-yang/robotik-homework/src/assignment2_publisher_subscriber_avd' returned '0': DEBUGINFOD_URLS=https://debuginfod.ubuntu.com PYTHONPATH=/home/zheng-yang/robotik-homework/build/assignment2_publisher_subscriber_avd/prefix_override:/usr/lib/python3/dist-packages/colcon_core/task/python/colcon_distutils_commands:/home/zheng-yang/robotik-homework/install/assignment2_publisher_subscriber_avd/lib/python3.12/site-packages:${PYTHONPATH} /usr/bin/python3 -W ignore:setup.py install is deprecated -W ignore:easy_install command is deprecated setup.py egg_info --egg-base ../../build/assignment2_publisher_subscriber_avd build --build-base /home/zheng-yang/robotik-homework/build/assignment2_publisher_subscriber_avd/build install --record /home/zheng-yang/robotik-homework/build/assignment2_publisher_subscriber_avd/install.log --single-version-externally-managed install_data
[2.114s] Level 1:colcon.colcon_core.environment:checking '/home/zheng-yang/robotik-homework/install/assignment2_publisher_subscriber_avd' for CMake module files
[2.114s] Level 1:colcon.colcon_core.environment:checking '/home/zheng-yang/robotik-homework/install/assignment2_publisher_subscriber_avd' for CMake config files
[2.115s] Level 1:colcon.colcon_core.environment:checking '/home/zheng-yang/robotik-homework/install/assignment2_publisher_subscriber_avd/lib'
[2.115s] Level 1:colcon.colcon_core.environment:checking '/home/zheng-yang/robotik-homework/install/assignment2_publisher_subscriber_avd/bin'
[2.115s] Level 1:colcon.colcon_core.environment:checking '/home/zheng-yang/robotik-homework/install/assignment2_publisher_subscriber_avd/lib/pkgconfig/assignment2_publisher_subscriber_avd.pc'
[2.115s] Level 1:colcon.colcon_core.environment:checking '/home/zheng-yang/robotik-homework/install/assignment2_publisher_subscriber_avd/lib/python3.12/site-packages'
[2.115s] Level 1:colcon.colcon_core.shell:create_environment_hook('assignment2_publisher_subscriber_avd', 'pythonpath')
[2.115s] INFO:colcon.colcon_core.shell:Creating environment hook '/home/zheng-yang/robotik-homework/install/assignment2_publisher_subscriber_avd/share/assignment2_publisher_subscriber_avd/hook/pythonpath.ps1'
[2.116s] INFO:colcon.colcon_core.shell:Creating environment descriptor '/home/zheng-yang/robotik-homework/install/assignment2_publisher_subscriber_avd/share/assignment2_publisher_subscriber_avd/hook/pythonpath.dsv'
[2.116s] INFO:colcon.colcon_core.shell:Creating environment hook '/home/zheng-yang/robotik-homework/install/assignment2_publisher_subscriber_avd/share/assignment2_publisher_subscriber_avd/hook/pythonpath.sh'
[2.117s] Level 1:colcon.colcon_core.environment:checking '/home/zheng-yang/robotik-homework/install/assignment2_publisher_subscriber_avd/bin'
[2.117s] Level 1:colcon.colcon_core.environment:create_environment_scripts_only(assignment2_publisher_subscriber_avd)
[2.118s] INFO:colcon.colcon_core.shell:Creating package script '/home/zheng-yang/robotik-homework/install/assignment2_publisher_subscriber_avd/share/assignment2_publisher_subscriber_avd/package.ps1'
[2.119s] INFO:colcon.colcon_core.shell:Creating package descriptor '/home/zheng-yang/robotik-homework/install/assignment2_publisher_subscriber_avd/share/assignment2_publisher_subscriber_avd/package.dsv'
[2.119s] INFO:colcon.colcon_core.shell:Creating package script '/home/zheng-yang/robotik-homework/install/assignment2_publisher_subscriber_avd/share/assignment2_publisher_subscriber_avd/package.sh'
[2.120s] INFO:colcon.colcon_core.shell:Creating package script '/home/zheng-yang/robotik-homework/install/assignment2_publisher_subscriber_avd/share/assignment2_publisher_subscriber_avd/package.bash'
[2.121s] INFO:colcon.colcon_core.shell:Creating package script '/home/zheng-yang/robotik-homework/install/assignment2_publisher_subscriber_avd/share/assignment2_publisher_subscriber_avd/package.zsh'
[2.122s] Level 1:colcon.colcon_core.environment:create_file_with_runtime_dependencies(/home/zheng-yang/robotik-homework/install/assignment2_publisher_subscriber_avd/share/colcon-core/packages/assignment2_publisher_subscriber_avd)
[2.122s] DEBUG:colcon.colcon_parallel_executor.executor.parallel:closing loop
[2.123s] DEBUG:colcon.colcon_parallel_executor.executor.parallel:loop closed
[2.123s] DEBUG:colcon.colcon_parallel_executor.executor.parallel:run_until_complete finished with '0'
[2.123s] DEBUG:colcon.colcon_core.event_reactor:joining thread
[2.129s] INFO:colcon.colcon_core.plugin_system:Skipping extension 'colcon_notification.desktop_notification.terminal_notifier': Not used on non-Darwin systems
[2.130s] INFO:colcon.colcon_core.plugin_system:Skipping extension 'colcon_notification.desktop_notification.win32': Not used on non-Windows systems
[2.130s] INFO:colcon.colcon_notification.desktop_notification:Sending desktop notification using 'notify2'
[2.144s] DEBUG:colcon.colcon_core.event_reactor:joined thread
[2.145s] INFO:colcon.colcon_core.shell:Creating prefix script '/home/zheng-yang/robotik-homework/install/local_setup.ps1'
[2.146s] INFO:colcon.colcon_core.shell:Creating prefix util module '/home/zheng-yang/robotik-homework/install/_local_setup_util_ps1.py'
[2.147s] INFO:colcon.colcon_core.shell:Creating prefix chain script '/home/zheng-yang/robotik-homework/install/setup.ps1'
[2.148s] INFO:colcon.colcon_core.shell:Creating prefix script '/home/zheng-yang/robotik-homework/install/local_setup.sh'
[2.149s] INFO:colcon.colcon_core.shell:Creating prefix util module '/home/zheng-yang/robotik-homework/install/_local_setup_util_sh.py'
[2.150s] INFO:colcon.colcon_core.shell:Creating prefix chain script '/home/zheng-yang/robotik-homework/install/setup.sh'
[2.152s] INFO:colcon.colcon_core.shell:Creating prefix script '/home/zheng-yang/robotik-homework/install/local_setup.bash'
[2.153s] INFO:colcon.colcon_core.shell:Creating prefix chain script '/home/zheng-yang/robotik-homework/install/setup.bash'
[2.155s] INFO:colcon.colcon_core.shell:Creating prefix script '/home/zheng-yang/robotik-homework/install/local_setup.zsh'
[2.156s] INFO:colcon.colcon_core.shell:Creating prefix chain script '/home/zheng-yang/robotik-homework/install/setup.zsh'
