[33mCMake Warning at CMakeLists.txt:4 (find_package):
  By not providing "Findrclpy.cmake" in CMAKE_MODULE_PATH this project has
  asked CMake to find a package configuration file provided by "rclpy", but
  CMake did not find one.

  Could not find a package configuration file provided by "rclpy" with any of
  the following names:

    rclpyConfig.cmake
    rclpy-config.cmake

  Add the installation prefix of "rclpy" to CMAKE_PREFIX_PATH or set
  "rclpy_DIR" to a directory containing one of the above files.  If "rclpy"
  provides a separate development package or SDK, be sure it has been
  installed.

[0m
[33mCMake Warning at CMakeLists.txt:5 (find_package):
  By not providing "Findstd_msgs.cmake" in CMAKE_MODULE_PATH this project has
  asked CMake to find a package configuration file provided by "std_msgs",
  but CMake did not find one.

  Could not find a package configuration file provided by "std_msgs" with any
  of the following names:

    std_msgsConfig.cmake
    std_msgs-config.cmake

  Add the installation prefix of "std_msgs" to CMAKE_PREFIX_PATH or set
  "std_msgs_DIR" to a directory containing one of the above files.  If
  "std_msgs" provides a separate development package or SDK, be sure it has
  been installed.

[0m
[31mCMake Error at CMakeLists.txt:6 (find_package):
  By not providing "Findrosidl_default_generators.cmake" in CMAKE_MODULE_PATH
  this project has asked CMake to find a package configuration file provided
  by "rosidl_default_generators", but CMake did not find one.

  Could not find a package configuration file provided by
  "rosidl_default_generators" with any of the following names:

    rosidl_default_generatorsConfig.cmake
    rosidl_default_generators-config.cmake

  Add the installation prefix of "rosidl_default_generators" to
  CMAKE_PREFIX_PATH or set "rosidl_default_generators_DIR" to a directory
  containing one of the above files.  If "rosidl_default_generators" provides
  a separate development package or SDK, be sure it has been installed.

[0m
