[0.021s] Invoking command in '/home/zheng-yang/robotik-homework/build/simple_drive_control': DEBUGINFOD_URLS=https://debuginfod.ubuntu.com /usr/bin/cmake /home/zheng-yang/robotik-homework/src/simple_drive_control -DCMAKE_C_COMPILER=clang -DCMAKE_CXX_COMPILER=clang++ -DAMENT_CMAKE_SYMLINK_INSTALL=1 -DCMAKE_INSTALL_PREFIX=/home/zheng-yang/robotik-homework/install/simple_drive_control
[0.896s] -- The C compiler identification is Clang 18.1.3
[0.896s] -- The CXX compiler identification is Clang 18.1.3
[0.896s] -- Detecting C compiler ABI info
[0.896s] -- Detecting C compiler ABI info - done
[0.896s] -- Check for working C compiler: /usr/bin/clang - skipped
[0.897s] -- Detecting C compile features
[0.897s] -- Detecting C compile features - done
[0.897s] -- Detecting CXX compiler ABI info
[0.897s] -- Detecting CXX compiler ABI info - done
[0.897s] -- Check for working CXX compiler: /usr/bin/clang++ - skipped
[0.898s] -- Detecting CXX compile features
[0.898s] -- Detecting CXX compile features - done
[0.898s] -- Configuring incomplete, errors occurred!
[0.898s] [33mCMake Warning at CMakeLists.txt:4 (find_package):
[0.898s]   By not providing "Findrclpy.cmake" in CMAKE_MODULE_PATH this project has
[0.898s]   asked CMake to find a package configuration file provided by "rclpy", but
[0.898s]   CMake did not find one.
[0.898s] 
[0.898s]   Could not find a package configuration file provided by "rclpy" with any of
[0.898s]   the following names:
[0.898s] 
[0.898s]     rclpyConfig.cmake
[0.898s]     rclpy-config.cmake
[0.898s] 
[0.899s]   Add the installation prefix of "rclpy" to CMAKE_PREFIX_PATH or set
[0.899s]   "rclpy_DIR" to a directory containing one of the above files.  If "rclpy"
[0.899s]   provides a separate development package or SDK, be sure it has been
[0.899s]   installed.
[0.899s] 
[0.899s] [0m
[0.899s] [33mCMake Warning at CMakeLists.txt:5 (find_package):
[0.899s]   By not providing "Findstd_msgs.cmake" in CMAKE_MODULE_PATH this project has
[0.899s]   asked CMake to find a package configuration file provided by "std_msgs",
[0.899s]   but CMake did not find one.
[0.899s] 
[0.899s]   Could not find a package configuration file provided by "std_msgs" with any
[0.899s]   of the following names:
[0.899s] 
[0.899s]     std_msgsConfig.cmake
[0.899s]     std_msgs-config.cmake
[0.899s] 
[0.900s]   Add the installation prefix of "std_msgs" to CMAKE_PREFIX_PATH or set
[0.900s]   "std_msgs_DIR" to a directory containing one of the above files.  If
[0.900s]   "std_msgs" provides a separate development package or SDK, be sure it has
[0.900s]   been installed.
[0.900s] 
[0.900s] [0m
[0.900s] [31mCMake Error at CMakeLists.txt:6 (find_package):
[0.900s]   By not providing "Findrosidl_default_generators.cmake" in CMAKE_MODULE_PATH
[0.900s]   this project has asked CMake to find a package configuration file provided
[0.900s]   by "rosidl_default_generators", but CMake did not find one.
[0.900s] 
[0.900s]   Could not find a package configuration file provided by
[0.900s]   "rosidl_default_generators" with any of the following names:
[0.900s] 
[0.900s]     rosidl_default_generatorsConfig.cmake
[0.900s]     rosidl_default_generators-config.cmake
[0.900s] 
[0.901s]   Add the installation prefix of "rosidl_default_generators" to
[0.901s]   CMAKE_PREFIX_PATH or set "rosidl_default_generators_DIR" to a directory
[0.901s]   containing one of the above files.  If "rosidl_default_generators" provides
[0.901s]   a separate development package or SDK, be sure it has been installed.
[0.901s] 
[0.901s] [0m
[0.902s] Invoked command in '/home/zheng-yang/robotik-homework/build/simple_drive_control' returned '1': DEBUGINFOD_URLS=https://debuginfod.ubuntu.com /usr/bin/cmake /home/zheng-yang/robotik-homework/src/simple_drive_control -DCMAKE_C_COMPILER=clang -DCMAKE_CXX_COMPILER=clang++ -DAMENT_CMAKE_SYMLINK_INSTALL=1 -DCMAKE_INSTALL_PREFIX=/home/zheng-yang/robotik-homework/install/simple_drive_control
